2023-01-20 14:35:36 - INFO - /data2/yzd/project/HIGN_git/train.py
2023-01-20 14:35:36 - INFO - train data: 11904
2023-01-20 14:35:36 - INFO - valid data: 1000
2023-01-20 14:35:36 - INFO - test2013 data: 107
2023-01-20 14:35:36 - INFO - test2016 data: 285
2023-01-20 14:35:36 - INFO - test2019 data: 4366
2023-01-20 14:35:45 - INFO - epoch-0, train_loss-87.3252, train_rmse-9.3448, valid_rmse-2.4894, valid_pr-0.3674
2023-01-20 14:35:57 - INFO - epoch-1, train_loss-18.3039, train_rmse-4.2783, valid_rmse-2.0919, valid_pr-0.4472
2023-01-20 14:36:08 - INFO - epoch-2, train_loss-8.6903, train_rmse-2.9479, valid_rmse-1.8733, valid_pr-0.4847
2023-01-20 14:36:19 - INFO - epoch-3, train_loss-6.0356, train_rmse-2.4567, valid_rmse-1.7625, valid_pr-0.5006
2023-01-20 14:36:30 - INFO - epoch-4, train_loss-4.7555, train_rmse-2.1807, valid_rmse-1.6948, valid_pr-0.5242
2023-01-20 14:36:41 - INFO - epoch-5, train_loss-3.9071, train_rmse-1.9766, valid_rmse-1.6527, valid_pr-0.5289
2023-01-20 14:36:53 - INFO - epoch-6, train_loss-3.4296, train_rmse-1.8519, valid_rmse-1.6097, valid_pr-0.5398
2023-01-20 14:37:04 - INFO - epoch-7, train_loss-3.0547, train_rmse-1.7478, valid_rmse-1.5901, valid_pr-0.5454
2023-01-20 14:37:16 - INFO - epoch-8, train_loss-2.9092, train_rmse-1.7057, valid_rmse-1.5595, valid_pr-0.5592
2023-01-20 14:37:27 - INFO - epoch-9, train_loss-2.7021, train_rmse-1.6438, valid_rmse-1.5474, valid_pr-0.5658
2023-01-20 14:37:38 - INFO - epoch-10, train_loss-2.5586, train_rmse-1.5996, valid_rmse-1.5500, valid_pr-0.5662
2023-01-20 14:37:50 - INFO - epoch-11, train_loss-2.4153, train_rmse-1.5541, valid_rmse-1.5301, valid_pr-0.5752
2023-01-20 14:38:01 - INFO - epoch-12, train_loss-2.3903, train_rmse-1.5461, valid_rmse-1.5244, valid_pr-0.5802
2023-01-20 14:38:12 - INFO - epoch-13, train_loss-2.2283, train_rmse-1.4928, valid_rmse-1.5065, valid_pr-0.5911
2023-01-20 14:38:23 - INFO - epoch-14, train_loss-2.1583, train_rmse-1.4691, valid_rmse-1.5015, valid_pr-0.5934
2023-01-20 14:38:34 - INFO - epoch-15, train_loss-2.1104, train_rmse-1.4527, valid_rmse-1.5124, valid_pr-0.5951
2023-01-20 14:38:45 - INFO - epoch-16, train_loss-2.0637, train_rmse-1.4366, valid_rmse-1.4910, valid_pr-0.6013
2023-01-20 14:38:56 - INFO - epoch-17, train_loss-1.9979, train_rmse-1.4135, valid_rmse-1.4672, valid_pr-0.6127
2023-01-20 14:39:07 - INFO - epoch-18, train_loss-1.9599, train_rmse-1.3999, valid_rmse-1.4634, valid_pr-0.6156
2023-01-20 14:39:18 - INFO - epoch-19, train_loss-1.9299, train_rmse-1.3892, valid_rmse-1.4665, valid_pr-0.6134
2023-01-20 14:39:30 - INFO - epoch-20, train_loss-1.8723, train_rmse-1.3683, valid_rmse-1.4610, valid_pr-0.6172
2023-01-20 14:39:41 - INFO - epoch-21, train_loss-1.8609, train_rmse-1.3641, valid_rmse-1.4612, valid_pr-0.6196
2023-01-20 14:39:52 - INFO - epoch-22, train_loss-1.8275, train_rmse-1.3519, valid_rmse-1.4471, valid_pr-0.6253
2023-01-20 14:40:03 - INFO - epoch-23, train_loss-1.7933, train_rmse-1.3391, valid_rmse-1.4455, valid_pr-0.6285
2023-01-20 14:40:14 - INFO - epoch-24, train_loss-1.7585, train_rmse-1.3261, valid_rmse-1.4352, valid_pr-0.6343
2023-01-20 14:40:26 - INFO - epoch-25, train_loss-1.7265, train_rmse-1.3140, valid_rmse-1.4268, valid_pr-0.6366
2023-01-20 14:40:37 - INFO - epoch-26, train_loss-1.7173, train_rmse-1.3105, valid_rmse-1.4212, valid_pr-0.6412
2023-01-20 14:40:48 - INFO - epoch-27, train_loss-1.6688, train_rmse-1.2918, valid_rmse-1.4156, valid_pr-0.6444
2023-01-20 14:40:59 - INFO - epoch-28, train_loss-1.6805, train_rmse-1.2963, valid_rmse-1.4333, valid_pr-0.6362
2023-01-20 14:41:10 - INFO - epoch-29, train_loss-1.6523, train_rmse-1.2854, valid_rmse-1.4103, valid_pr-0.6494
2023-01-20 14:41:22 - INFO - epoch-30, train_loss-1.6374, train_rmse-1.2796, valid_rmse-1.4157, valid_pr-0.6462
2023-01-20 14:41:33 - INFO - epoch-31, train_loss-1.6335, train_rmse-1.2781, valid_rmse-1.4375, valid_pr-0.6441
2023-01-20 14:41:44 - INFO - epoch-32, train_loss-1.6015, train_rmse-1.2655, valid_rmse-1.4008, valid_pr-0.6561
2023-01-20 14:41:54 - INFO - epoch-33, train_loss-1.5741, train_rmse-1.2546, valid_rmse-1.3963, valid_pr-0.6558
2023-01-20 14:42:05 - INFO - epoch-34, train_loss-1.5634, train_rmse-1.2504, valid_rmse-1.3926, valid_pr-0.6602
2023-01-20 14:42:17 - INFO - epoch-35, train_loss-1.5466, train_rmse-1.2436, valid_rmse-1.3816, valid_pr-0.6660
2023-01-20 14:42:28 - INFO - epoch-36, train_loss-1.5439, train_rmse-1.2425, valid_rmse-1.3819, valid_pr-0.6659
2023-01-20 14:42:39 - INFO - epoch-37, train_loss-1.5241, train_rmse-1.2346, valid_rmse-1.3952, valid_pr-0.6602
2023-01-20 14:42:49 - INFO - epoch-38, train_loss-1.5066, train_rmse-1.2274, valid_rmse-1.3841, valid_pr-0.6705
2023-01-20 14:43:01 - INFO - epoch-39, train_loss-1.4930, train_rmse-1.2219, valid_rmse-1.3897, valid_pr-0.6616
2023-01-20 14:43:12 - INFO - epoch-40, train_loss-1.4872, train_rmse-1.2195, valid_rmse-1.4075, valid_pr-0.6642
2023-01-20 14:43:23 - INFO - epoch-41, train_loss-1.4548, train_rmse-1.2061, valid_rmse-1.3816, valid_pr-0.6724
2023-01-20 14:43:34 - INFO - epoch-42, train_loss-1.4509, train_rmse-1.2045, valid_rmse-1.4140, valid_pr-0.6685
2023-01-20 14:43:45 - INFO - epoch-43, train_loss-1.4523, train_rmse-1.2051, valid_rmse-1.4055, valid_pr-0.6727
2023-01-20 14:43:56 - INFO - epoch-44, train_loss-1.4442, train_rmse-1.2017, valid_rmse-1.3617, valid_pr-0.6812
2023-01-20 14:44:08 - INFO - epoch-45, train_loss-1.4286, train_rmse-1.1952, valid_rmse-1.3787, valid_pr-0.6748
2023-01-20 14:44:19 - INFO - epoch-46, train_loss-1.4124, train_rmse-1.1884, valid_rmse-1.3602, valid_pr-0.6823
2023-01-20 14:44:30 - INFO - epoch-47, train_loss-1.3908, train_rmse-1.1793, valid_rmse-1.3582, valid_pr-0.6824
2023-01-20 14:44:41 - INFO - epoch-48, train_loss-1.3931, train_rmse-1.1803, valid_rmse-1.3487, valid_pr-0.6862
2023-01-20 14:44:52 - INFO - epoch-49, train_loss-1.3576, train_rmse-1.1652, valid_rmse-1.3413, valid_pr-0.6893
2023-01-20 14:45:03 - INFO - epoch-50, train_loss-1.3552, train_rmse-1.1641, valid_rmse-1.3379, valid_pr-0.6909
2023-01-20 14:45:14 - INFO - epoch-51, train_loss-1.3389, train_rmse-1.1571, valid_rmse-1.3321, valid_pr-0.6943
2023-01-20 14:45:25 - INFO - epoch-52, train_loss-1.3356, train_rmse-1.1557, valid_rmse-1.3308, valid_pr-0.6956
2023-01-20 14:45:36 - INFO - epoch-53, train_loss-1.3224, train_rmse-1.1499, valid_rmse-1.3434, valid_pr-0.6886
2023-01-20 14:45:47 - INFO - epoch-54, train_loss-1.3223, train_rmse-1.1499, valid_rmse-1.3361, valid_pr-0.6971
2023-01-20 14:45:58 - INFO - epoch-55, train_loss-1.3031, train_rmse-1.1415, valid_rmse-1.3419, valid_pr-0.6917
2023-01-20 14:46:09 - INFO - epoch-56, train_loss-1.2977, train_rmse-1.1391, valid_rmse-1.3380, valid_pr-0.6940
2023-01-20 14:46:20 - INFO - epoch-57, train_loss-1.2950, train_rmse-1.1380, valid_rmse-1.3483, valid_pr-0.6874
2023-01-20 14:46:32 - INFO - epoch-58, train_loss-1.2774, train_rmse-1.1302, valid_rmse-1.3270, valid_pr-0.6996
2023-01-20 14:46:42 - INFO - epoch-59, train_loss-1.2643, train_rmse-1.1244, valid_rmse-1.2979, valid_pr-0.7115
2023-01-20 14:46:53 - INFO - epoch-60, train_loss-1.2732, train_rmse-1.1284, valid_rmse-1.3133, valid_pr-0.7045
2023-01-20 14:47:04 - INFO - epoch-61, train_loss-1.2467, train_rmse-1.1165, valid_rmse-1.3225, valid_pr-0.7032
2023-01-20 14:47:16 - INFO - epoch-62, train_loss-1.2380, train_rmse-1.1126, valid_rmse-1.3340, valid_pr-0.6971
2023-01-20 14:47:27 - INFO - epoch-63, train_loss-1.2310, train_rmse-1.1095, valid_rmse-1.2923, valid_pr-0.7157
2023-01-20 14:47:39 - INFO - epoch-64, train_loss-1.2305, train_rmse-1.1093, valid_rmse-1.3066, valid_pr-0.7088
2023-01-20 14:47:50 - INFO - epoch-65, train_loss-1.2186, train_rmse-1.1039, valid_rmse-1.2866, valid_pr-0.7204
2023-01-20 14:48:02 - INFO - epoch-66, train_loss-1.1890, train_rmse-1.0904, valid_rmse-1.2966, valid_pr-0.7153
2023-01-20 14:48:13 - INFO - epoch-67, train_loss-1.2004, train_rmse-1.0956, valid_rmse-1.2882, valid_pr-0.7213
2023-01-20 14:48:24 - INFO - epoch-68, train_loss-1.1819, train_rmse-1.0871, valid_rmse-1.3092, valid_pr-0.7111
2023-01-20 14:48:35 - INFO - epoch-69, train_loss-1.1878, train_rmse-1.0898, valid_rmse-1.3054, valid_pr-0.7135
2023-01-20 14:48:46 - INFO - epoch-70, train_loss-1.1797, train_rmse-1.0861, valid_rmse-1.2942, valid_pr-0.7150
2023-01-20 14:48:58 - INFO - epoch-71, train_loss-1.1349, train_rmse-1.0653, valid_rmse-1.3106, valid_pr-0.7135
2023-01-20 14:49:09 - INFO - epoch-72, train_loss-1.1343, train_rmse-1.0651, valid_rmse-1.2749, valid_pr-0.7265
2023-01-20 14:49:20 - INFO - epoch-73, train_loss-1.1293, train_rmse-1.0627, valid_rmse-1.2774, valid_pr-0.7237
2023-01-20 14:49:31 - INFO - epoch-74, train_loss-1.1171, train_rmse-1.0569, valid_rmse-1.3016, valid_pr-0.7177
2023-01-20 14:49:43 - INFO - epoch-75, train_loss-1.1204, train_rmse-1.0585, valid_rmse-1.2721, valid_pr-0.7291
2023-01-20 14:49:54 - INFO - epoch-76, train_loss-1.1278, train_rmse-1.0620, valid_rmse-1.2909, valid_pr-0.7176
2023-01-20 14:50:05 - INFO - epoch-77, train_loss-1.0996, train_rmse-1.0486, valid_rmse-1.2837, valid_pr-0.7228
2023-01-20 14:50:16 - INFO - epoch-78, train_loss-1.0936, train_rmse-1.0458, valid_rmse-1.2722, valid_pr-0.7261
2023-01-20 14:50:28 - INFO - epoch-79, train_loss-1.0762, train_rmse-1.0374, valid_rmse-1.2541, valid_pr-0.7356
2023-01-20 14:50:39 - INFO - epoch-80, train_loss-1.0666, train_rmse-1.0327, valid_rmse-1.2873, valid_pr-0.7249
2023-01-20 14:50:49 - INFO - epoch-81, train_loss-1.0638, train_rmse-1.0314, valid_rmse-1.2904, valid_pr-0.7283
2023-01-20 14:51:01 - INFO - epoch-82, train_loss-1.0551, train_rmse-1.0272, valid_rmse-1.2735, valid_pr-0.7269
2023-01-20 14:51:12 - INFO - epoch-83, train_loss-1.0419, train_rmse-1.0208, valid_rmse-1.2856, valid_pr-0.7254
2023-01-20 14:51:23 - INFO - epoch-84, train_loss-1.0222, train_rmse-1.0110, valid_rmse-1.2705, valid_pr-0.7309
2023-01-20 14:51:35 - INFO - epoch-85, train_loss-1.0363, train_rmse-1.0180, valid_rmse-1.2434, valid_pr-0.7402
2023-01-20 14:51:46 - INFO - epoch-86, train_loss-0.9915, train_rmse-0.9957, valid_rmse-1.2630, valid_pr-0.7325
2023-01-20 14:51:57 - INFO - epoch-87, train_loss-1.0112, train_rmse-1.0056, valid_rmse-1.3268, valid_pr-0.7334
2023-01-20 14:52:08 - INFO - epoch-88, train_loss-0.9923, train_rmse-0.9962, valid_rmse-1.2736, valid_pr-0.7323
2023-01-20 14:52:20 - INFO - epoch-89, train_loss-0.9892, train_rmse-0.9946, valid_rmse-1.2492, valid_pr-0.7381
2023-01-20 14:52:31 - INFO - epoch-90, train_loss-0.9608, train_rmse-0.9802, valid_rmse-1.2594, valid_pr-0.7402
2023-01-20 14:52:42 - INFO - epoch-91, train_loss-0.9676, train_rmse-0.9837, valid_rmse-1.2531, valid_pr-0.7391
2023-01-20 14:52:53 - INFO - epoch-92, train_loss-0.9571, train_rmse-0.9783, valid_rmse-1.2636, valid_pr-0.7332
2023-01-20 14:53:04 - INFO - epoch-93, train_loss-0.9550, train_rmse-0.9773, valid_rmse-1.2877, valid_pr-0.7271
2023-01-20 14:53:15 - INFO - epoch-94, train_loss-0.9458, train_rmse-0.9725, valid_rmse-1.2455, valid_pr-0.7450
2023-01-20 14:53:26 - INFO - epoch-95, train_loss-0.9467, train_rmse-0.9730, valid_rmse-1.2417, valid_pr-0.7419
2023-01-20 14:53:37 - INFO - epoch-96, train_loss-0.9152, train_rmse-0.9567, valid_rmse-1.2658, valid_pr-0.7362
2023-01-20 14:53:49 - INFO - epoch-97, train_loss-0.9148, train_rmse-0.9564, valid_rmse-1.2376, valid_pr-0.7484
2023-01-20 14:54:00 - INFO - epoch-98, train_loss-0.8930, train_rmse-0.9450, valid_rmse-1.2413, valid_pr-0.7448
2023-01-20 14:54:11 - INFO - epoch-99, train_loss-0.8943, train_rmse-0.9457, valid_rmse-1.2363, valid_pr-0.7459
2023-01-20 14:54:23 - INFO - epoch-100, train_loss-0.8861, train_rmse-0.9413, valid_rmse-1.2472, valid_pr-0.7428
2023-01-20 14:54:34 - INFO - epoch-101, train_loss-0.8710, train_rmse-0.9333, valid_rmse-1.2229, valid_pr-0.7514
2023-01-20 14:54:45 - INFO - epoch-102, train_loss-0.8611, train_rmse-0.9279, valid_rmse-1.2484, valid_pr-0.7465
2023-01-20 14:54:56 - INFO - epoch-103, train_loss-0.8561, train_rmse-0.9253, valid_rmse-1.2819, valid_pr-0.7367
2023-01-20 14:55:08 - INFO - epoch-104, train_loss-0.8537, train_rmse-0.9240, valid_rmse-1.2422, valid_pr-0.7432
2023-01-20 14:55:19 - INFO - epoch-105, train_loss-0.8383, train_rmse-0.9156, valid_rmse-1.2260, valid_pr-0.7536
2023-01-20 14:55:30 - INFO - epoch-106, train_loss-0.8400, train_rmse-0.9165, valid_rmse-1.2435, valid_pr-0.7497
2023-01-20 14:55:41 - INFO - epoch-107, train_loss-0.8231, train_rmse-0.9072, valid_rmse-1.2154, valid_pr-0.7543
2023-01-20 14:55:52 - INFO - epoch-108, train_loss-0.8218, train_rmse-0.9066, valid_rmse-1.2295, valid_pr-0.7493
2023-01-20 14:56:03 - INFO - epoch-109, train_loss-0.8097, train_rmse-0.8998, valid_rmse-1.2249, valid_pr-0.7506
2023-01-20 14:56:14 - INFO - epoch-110, train_loss-0.7868, train_rmse-0.8870, valid_rmse-1.2319, valid_pr-0.7502
2023-01-20 14:56:25 - INFO - epoch-111, train_loss-0.7962, train_rmse-0.8923, valid_rmse-1.2249, valid_pr-0.7536
2023-01-20 14:56:36 - INFO - epoch-112, train_loss-0.7774, train_rmse-0.8817, valid_rmse-1.2209, valid_pr-0.7535
2023-01-20 14:56:47 - INFO - epoch-113, train_loss-0.7723, train_rmse-0.8788, valid_rmse-1.2059, valid_pr-0.7591
2023-01-20 14:56:58 - INFO - epoch-114, train_loss-0.7718, train_rmse-0.8785, valid_rmse-1.2252, valid_pr-0.7518
2023-01-20 14:57:09 - INFO - epoch-115, train_loss-0.7577, train_rmse-0.8705, valid_rmse-1.2133, valid_pr-0.7557
2023-01-20 14:57:20 - INFO - epoch-116, train_loss-0.7537, train_rmse-0.8682, valid_rmse-1.2195, valid_pr-0.7565
2023-01-20 14:57:31 - INFO - epoch-117, train_loss-0.7541, train_rmse-0.8684, valid_rmse-1.2283, valid_pr-0.7595
2023-01-20 14:57:41 - INFO - epoch-118, train_loss-0.7450, train_rmse-0.8631, valid_rmse-1.2513, valid_pr-0.7509
2023-01-20 14:57:53 - INFO - epoch-119, train_loss-0.7322, train_rmse-0.8557, valid_rmse-1.2147, valid_pr-0.7596
2023-01-20 14:58:04 - INFO - epoch-120, train_loss-0.7276, train_rmse-0.8530, valid_rmse-1.2083, valid_pr-0.7602
2023-01-20 14:58:15 - INFO - epoch-121, train_loss-0.7122, train_rmse-0.8439, valid_rmse-1.1972, valid_pr-0.7651
2023-01-20 14:58:26 - INFO - epoch-122, train_loss-0.7010, train_rmse-0.8372, valid_rmse-1.2165, valid_pr-0.7582
2023-01-20 14:58:37 - INFO - epoch-123, train_loss-0.7156, train_rmse-0.8459, valid_rmse-1.2200, valid_pr-0.7532
2023-01-20 14:58:48 - INFO - epoch-124, train_loss-0.6938, train_rmse-0.8329, valid_rmse-1.2506, valid_pr-0.7579
2023-01-20 14:59:00 - INFO - epoch-125, train_loss-0.6842, train_rmse-0.8272, valid_rmse-1.1890, valid_pr-0.7735
2023-01-20 14:59:11 - INFO - epoch-126, train_loss-0.6742, train_rmse-0.8211, valid_rmse-1.2040, valid_pr-0.7610
2023-01-20 14:59:23 - INFO - epoch-127, train_loss-0.6712, train_rmse-0.8193, valid_rmse-1.2055, valid_pr-0.7655
2023-01-20 14:59:34 - INFO - epoch-128, train_loss-0.6719, train_rmse-0.8197, valid_rmse-1.2154, valid_pr-0.7647
2023-01-20 14:59:44 - INFO - epoch-129, train_loss-0.6666, train_rmse-0.8165, valid_rmse-1.1920, valid_pr-0.7650
2023-01-20 14:59:55 - INFO - epoch-130, train_loss-0.6478, train_rmse-0.8049, valid_rmse-1.1896, valid_pr-0.7681
2023-01-20 15:00:05 - INFO - epoch-131, train_loss-0.6441, train_rmse-0.8026, valid_rmse-1.1875, valid_pr-0.7686
2023-01-20 15:00:16 - INFO - epoch-132, train_loss-0.6459, train_rmse-0.8037, valid_rmse-1.2186, valid_pr-0.7689
2023-01-20 15:00:27 - INFO - epoch-133, train_loss-0.6315, train_rmse-0.7947, valid_rmse-1.2059, valid_pr-0.7656
2023-01-20 15:00:38 - INFO - epoch-134, train_loss-0.6327, train_rmse-0.7954, valid_rmse-1.2067, valid_pr-0.7635
2023-01-20 15:00:50 - INFO - epoch-135, train_loss-0.6349, train_rmse-0.7968, valid_rmse-1.2034, valid_pr-0.7659
2023-01-20 15:01:00 - INFO - epoch-136, train_loss-0.6144, train_rmse-0.7838, valid_rmse-1.1942, valid_pr-0.7677
2023-01-20 15:01:11 - INFO - epoch-137, train_loss-0.6073, train_rmse-0.7793, valid_rmse-1.1905, valid_pr-0.7672
2023-01-20 15:01:22 - INFO - epoch-138, train_loss-0.5993, train_rmse-0.7742, valid_rmse-1.1889, valid_pr-0.7681
2023-01-20 15:01:33 - INFO - epoch-139, train_loss-0.5960, train_rmse-0.7720, valid_rmse-1.1798, valid_pr-0.7718
2023-01-20 15:01:44 - INFO - epoch-140, train_loss-0.5918, train_rmse-0.7693, valid_rmse-1.1993, valid_pr-0.7676
2023-01-20 15:01:56 - INFO - epoch-141, train_loss-0.6008, train_rmse-0.7751, valid_rmse-1.1864, valid_pr-0.7683
2023-01-20 15:02:07 - INFO - epoch-142, train_loss-0.5835, train_rmse-0.7638, valid_rmse-1.1793, valid_pr-0.7708
2023-01-20 15:02:18 - INFO - epoch-143, train_loss-0.5784, train_rmse-0.7605, valid_rmse-1.2201, valid_pr-0.7668
2023-01-20 15:02:29 - INFO - epoch-144, train_loss-0.5814, train_rmse-0.7625, valid_rmse-1.1902, valid_pr-0.7690
2023-01-20 15:02:41 - INFO - epoch-145, train_loss-0.5564, train_rmse-0.7459, valid_rmse-1.1731, valid_pr-0.7756
2023-01-20 15:02:52 - INFO - epoch-146, train_loss-0.5622, train_rmse-0.7498, valid_rmse-1.1776, valid_pr-0.7725
2023-01-20 15:03:03 - INFO - epoch-147, train_loss-0.5454, train_rmse-0.7385, valid_rmse-1.1777, valid_pr-0.7733
2023-01-20 15:03:14 - INFO - epoch-148, train_loss-0.5509, train_rmse-0.7422, valid_rmse-1.1816, valid_pr-0.7770
2023-01-20 15:03:24 - INFO - epoch-149, train_loss-0.5488, train_rmse-0.7408, valid_rmse-1.1870, valid_pr-0.7731
2023-01-20 15:03:35 - INFO - epoch-150, train_loss-0.5291, train_rmse-0.7274, valid_rmse-1.1830, valid_pr-0.7710
2023-01-20 15:03:46 - INFO - epoch-151, train_loss-0.5367, train_rmse-0.7326, valid_rmse-1.1778, valid_pr-0.7720
2023-01-20 15:03:57 - INFO - epoch-152, train_loss-0.5332, train_rmse-0.7302, valid_rmse-1.1816, valid_pr-0.7723
2023-01-20 15:04:08 - INFO - epoch-153, train_loss-0.5383, train_rmse-0.7337, valid_rmse-1.1917, valid_pr-0.7699
2023-01-20 15:04:19 - INFO - epoch-154, train_loss-0.5299, train_rmse-0.7280, valid_rmse-1.2010, valid_pr-0.7719
2023-01-20 15:04:29 - INFO - epoch-155, train_loss-0.5145, train_rmse-0.7173, valid_rmse-1.1636, valid_pr-0.7779
2023-01-20 15:04:41 - INFO - epoch-156, train_loss-0.5221, train_rmse-0.7225, valid_rmse-1.2147, valid_pr-0.7698
2023-01-20 15:04:52 - INFO - epoch-157, train_loss-0.5152, train_rmse-0.7178, valid_rmse-1.1943, valid_pr-0.7705
2023-01-20 15:05:03 - INFO - epoch-158, train_loss-0.5094, train_rmse-0.7137, valid_rmse-1.1960, valid_pr-0.7739
2023-01-20 15:05:14 - INFO - epoch-159, train_loss-0.5013, train_rmse-0.7080, valid_rmse-1.2102, valid_pr-0.7723
2023-01-20 15:05:25 - INFO - epoch-160, train_loss-0.5002, train_rmse-0.7072, valid_rmse-1.1707, valid_pr-0.7779
2023-01-20 15:05:36 - INFO - epoch-161, train_loss-0.5061, train_rmse-0.7114, valid_rmse-1.1672, valid_pr-0.7781
2023-01-20 15:05:47 - INFO - epoch-162, train_loss-0.4884, train_rmse-0.6989, valid_rmse-1.2114, valid_pr-0.7776
2023-01-20 15:05:59 - INFO - epoch-163, train_loss-0.4885, train_rmse-0.6989, valid_rmse-1.1836, valid_pr-0.7751
2023-01-20 15:06:10 - INFO - epoch-164, train_loss-0.4770, train_rmse-0.6906, valid_rmse-1.1720, valid_pr-0.7754
2023-01-20 15:06:21 - INFO - epoch-165, train_loss-0.4768, train_rmse-0.6905, valid_rmse-1.1742, valid_pr-0.7771
2023-01-20 15:06:32 - INFO - epoch-166, train_loss-0.4696, train_rmse-0.6853, valid_rmse-1.1707, valid_pr-0.7785
2023-01-20 15:06:43 - INFO - epoch-167, train_loss-0.4694, train_rmse-0.6851, valid_rmse-1.1837, valid_pr-0.7744
2023-01-20 15:06:54 - INFO - epoch-168, train_loss-0.4680, train_rmse-0.6841, valid_rmse-1.1915, valid_pr-0.7703
2023-01-20 15:07:05 - INFO - epoch-169, train_loss-0.4639, train_rmse-0.6811, valid_rmse-1.1765, valid_pr-0.7759
2023-01-20 15:07:17 - INFO - epoch-170, train_loss-0.4681, train_rmse-0.6842, valid_rmse-1.1634, valid_pr-0.7813
2023-01-20 15:07:28 - INFO - epoch-171, train_loss-0.4480, train_rmse-0.6693, valid_rmse-1.1747, valid_pr-0.7734
2023-01-20 15:07:39 - INFO - epoch-172, train_loss-0.4508, train_rmse-0.6714, valid_rmse-1.1801, valid_pr-0.7754
2023-01-20 15:07:50 - INFO - epoch-173, train_loss-0.4494, train_rmse-0.6704, valid_rmse-1.1850, valid_pr-0.7747
2023-01-20 15:08:01 - INFO - epoch-174, train_loss-0.4422, train_rmse-0.6650, valid_rmse-1.1688, valid_pr-0.7798
2023-01-20 15:08:12 - INFO - epoch-175, train_loss-0.4476, train_rmse-0.6691, valid_rmse-1.1908, valid_pr-0.7768
2023-01-20 15:08:23 - INFO - epoch-176, train_loss-0.4412, train_rmse-0.6642, valid_rmse-1.1699, valid_pr-0.7774
2023-01-20 15:08:34 - INFO - epoch-177, train_loss-0.4379, train_rmse-0.6617, valid_rmse-1.1779, valid_pr-0.7792
2023-01-20 15:08:45 - INFO - epoch-178, train_loss-0.4326, train_rmse-0.6578, valid_rmse-1.1958, valid_pr-0.7768
2023-01-20 15:08:56 - INFO - epoch-179, train_loss-0.4302, train_rmse-0.6559, valid_rmse-1.1804, valid_pr-0.7747
2023-01-20 15:09:07 - INFO - epoch-180, train_loss-0.4276, train_rmse-0.6539, valid_rmse-1.1677, valid_pr-0.7787
2023-01-20 15:09:18 - INFO - epoch-181, train_loss-0.4232, train_rmse-0.6505, valid_rmse-1.1639, valid_pr-0.7804
2023-01-20 15:09:29 - INFO - epoch-182, train_loss-0.4205, train_rmse-0.6485, valid_rmse-1.1718, valid_pr-0.7771
2023-01-20 15:09:41 - INFO - epoch-183, train_loss-0.4127, train_rmse-0.6424, valid_rmse-1.1657, valid_pr-0.7797
2023-01-20 15:09:52 - INFO - epoch-184, train_loss-0.4165, train_rmse-0.6453, valid_rmse-1.1761, valid_pr-0.7763
2023-01-20 15:10:03 - INFO - epoch-185, train_loss-0.4052, train_rmse-0.6366, valid_rmse-1.1788, valid_pr-0.7774
2023-01-20 15:10:15 - INFO - epoch-186, train_loss-0.4074, train_rmse-0.6383, valid_rmse-1.1746, valid_pr-0.7761
2023-01-20 15:10:25 - INFO - epoch-187, train_loss-0.4090, train_rmse-0.6395, valid_rmse-1.1757, valid_pr-0.7799
2023-01-20 15:10:36 - INFO - epoch-188, train_loss-0.4086, train_rmse-0.6392, valid_rmse-1.1712, valid_pr-0.7776
2023-01-20 15:10:47 - INFO - epoch-189, train_loss-0.4025, train_rmse-0.6345, valid_rmse-1.1708, valid_pr-0.7774
2023-01-20 15:10:57 - INFO - epoch-190, train_loss-0.3950, train_rmse-0.6285, valid_rmse-1.1662, valid_pr-0.7794
2023-01-20 15:11:08 - INFO - epoch-191, train_loss-0.3864, train_rmse-0.6216, valid_rmse-1.1794, valid_pr-0.7747
2023-01-20 15:11:19 - INFO - epoch-192, train_loss-0.3897, train_rmse-0.6242, valid_rmse-1.1599, valid_pr-0.7820
2023-01-20 15:11:30 - INFO - epoch-193, train_loss-0.3918, train_rmse-0.6259, valid_rmse-1.1710, valid_pr-0.7808
2023-01-20 15:11:41 - INFO - epoch-194, train_loss-0.3837, train_rmse-0.6194, valid_rmse-1.1663, valid_pr-0.7797
2023-01-20 15:11:51 - INFO - epoch-195, train_loss-0.3883, train_rmse-0.6231, valid_rmse-1.1568, valid_pr-0.7818
2023-01-20 15:12:02 - INFO - epoch-196, train_loss-0.3794, train_rmse-0.6160, valid_rmse-1.1634, valid_pr-0.7796
2023-01-20 15:12:13 - INFO - epoch-197, train_loss-0.3754, train_rmse-0.6127, valid_rmse-1.1905, valid_pr-0.7791
2023-01-20 15:12:24 - INFO - epoch-198, train_loss-0.3752, train_rmse-0.6125, valid_rmse-1.1862, valid_pr-0.7761
2023-01-20 15:12:35 - INFO - epoch-199, train_loss-0.3721, train_rmse-0.6100, valid_rmse-1.1708, valid_pr-0.7780
2023-01-20 15:12:46 - INFO - epoch-200, train_loss-0.3753, train_rmse-0.6126, valid_rmse-1.1714, valid_pr-0.7793
2023-01-20 15:12:57 - INFO - epoch-201, train_loss-0.3666, train_rmse-0.6055, valid_rmse-1.1894, valid_pr-0.7704
2023-01-20 15:13:07 - INFO - epoch-202, train_loss-0.3718, train_rmse-0.6098, valid_rmse-1.1730, valid_pr-0.7774
2023-01-20 15:13:19 - INFO - epoch-203, train_loss-0.3602, train_rmse-0.6002, valid_rmse-1.1770, valid_pr-0.7783
2023-01-20 15:13:30 - INFO - epoch-204, train_loss-0.3625, train_rmse-0.6021, valid_rmse-1.1625, valid_pr-0.7802
2023-01-20 15:13:42 - INFO - epoch-205, train_loss-0.3609, train_rmse-0.6008, valid_rmse-1.1654, valid_pr-0.7811
2023-01-20 15:13:53 - INFO - epoch-206, train_loss-0.3572, train_rmse-0.5977, valid_rmse-1.1638, valid_pr-0.7805
2023-01-20 15:14:04 - INFO - epoch-207, train_loss-0.3612, train_rmse-0.6010, valid_rmse-1.1618, valid_pr-0.7817
2023-01-20 15:14:15 - INFO - epoch-208, train_loss-0.3586, train_rmse-0.5988, valid_rmse-1.1708, valid_pr-0.7809
2023-01-20 15:14:26 - INFO - epoch-209, train_loss-0.3503, train_rmse-0.5919, valid_rmse-1.1904, valid_pr-0.7752
2023-01-20 15:14:37 - INFO - epoch-210, train_loss-0.3547, train_rmse-0.5955, valid_rmse-1.1652, valid_pr-0.7833
2023-01-20 15:14:48 - INFO - epoch-211, train_loss-0.3520, train_rmse-0.5933, valid_rmse-1.1611, valid_pr-0.7824
2023-01-20 15:14:59 - INFO - epoch-212, train_loss-0.3353, train_rmse-0.5791, valid_rmse-1.1564, valid_pr-0.7838
2023-01-20 15:15:10 - INFO - epoch-213, train_loss-0.3377, train_rmse-0.5811, valid_rmse-1.1502, valid_pr-0.7866
2023-01-20 15:15:21 - INFO - epoch-214, train_loss-0.3414, train_rmse-0.5843, valid_rmse-1.1948, valid_pr-0.7735
2023-01-20 15:15:32 - INFO - epoch-215, train_loss-0.3388, train_rmse-0.5821, valid_rmse-1.1709, valid_pr-0.7799
2023-01-20 15:15:43 - INFO - epoch-216, train_loss-0.3414, train_rmse-0.5843, valid_rmse-1.1773, valid_pr-0.7777
2023-01-20 15:15:54 - INFO - epoch-217, train_loss-0.3386, train_rmse-0.5819, valid_rmse-1.2131, valid_pr-0.7738
2023-01-20 15:16:04 - INFO - epoch-218, train_loss-0.3410, train_rmse-0.5840, valid_rmse-1.1745, valid_pr-0.7810
2023-01-20 15:16:15 - INFO - epoch-219, train_loss-0.3313, train_rmse-0.5756, valid_rmse-1.1678, valid_pr-0.7814
2023-01-20 15:16:26 - INFO - epoch-220, train_loss-0.3345, train_rmse-0.5783, valid_rmse-1.1610, valid_pr-0.7810
2023-01-20 15:16:38 - INFO - epoch-221, train_loss-0.3212, train_rmse-0.5668, valid_rmse-1.1757, valid_pr-0.7790
2023-01-20 15:16:49 - INFO - epoch-222, train_loss-0.3190, train_rmse-0.5648, valid_rmse-1.1687, valid_pr-0.7800
2023-01-20 15:17:00 - INFO - epoch-223, train_loss-0.3198, train_rmse-0.5655, valid_rmse-1.1838, valid_pr-0.7786
2023-01-20 15:17:11 - INFO - epoch-224, train_loss-0.3253, train_rmse-0.5703, valid_rmse-1.1775, valid_pr-0.7795
2023-01-20 15:17:22 - INFO - epoch-225, train_loss-0.3219, train_rmse-0.5674, valid_rmse-1.1656, valid_pr-0.7807
2023-01-20 15:17:33 - INFO - epoch-226, train_loss-0.3174, train_rmse-0.5634, valid_rmse-1.1653, valid_pr-0.7794
2023-01-20 15:17:44 - INFO - epoch-227, train_loss-0.3175, train_rmse-0.5635, valid_rmse-1.1729, valid_pr-0.7815
2023-01-20 15:17:55 - INFO - epoch-228, train_loss-0.3097, train_rmse-0.5565, valid_rmse-1.1799, valid_pr-0.7812
2023-01-20 15:18:06 - INFO - epoch-229, train_loss-0.3195, train_rmse-0.5652, valid_rmse-1.1717, valid_pr-0.7796
2023-01-20 15:18:17 - INFO - epoch-230, train_loss-0.3163, train_rmse-0.5624, valid_rmse-1.1751, valid_pr-0.7801
2023-01-20 15:18:28 - INFO - epoch-231, train_loss-0.3094, train_rmse-0.5562, valid_rmse-1.1681, valid_pr-0.7792
2023-01-20 15:18:39 - INFO - epoch-232, train_loss-0.3126, train_rmse-0.5591, valid_rmse-1.1644, valid_pr-0.7780
2023-01-20 15:18:50 - INFO - epoch-233, train_loss-0.3065, train_rmse-0.5537, valid_rmse-1.1775, valid_pr-0.7751
2023-01-20 15:19:01 - INFO - epoch-234, train_loss-0.3057, train_rmse-0.5529, valid_rmse-1.1876, valid_pr-0.7791
2023-01-20 15:19:13 - INFO - epoch-235, train_loss-0.3009, train_rmse-0.5485, valid_rmse-1.1670, valid_pr-0.7798
2023-01-20 15:19:24 - INFO - epoch-236, train_loss-0.2995, train_rmse-0.5473, valid_rmse-1.1769, valid_pr-0.7824
2023-01-20 15:19:35 - INFO - epoch-237, train_loss-0.2944, train_rmse-0.5426, valid_rmse-1.1625, valid_pr-0.7809
2023-01-20 15:19:46 - INFO - epoch-238, train_loss-0.2931, train_rmse-0.5414, valid_rmse-1.1739, valid_pr-0.7787
2023-01-20 15:19:57 - INFO - epoch-239, train_loss-0.3017, train_rmse-0.5492, valid_rmse-1.1968, valid_pr-0.7783
2023-01-20 15:20:08 - INFO - epoch-240, train_loss-0.2943, train_rmse-0.5425, valid_rmse-1.1717, valid_pr-0.7787
2023-01-20 15:20:19 - INFO - epoch-241, train_loss-0.2995, train_rmse-0.5473, valid_rmse-1.1905, valid_pr-0.7753
2023-01-20 15:20:30 - INFO - epoch-242, train_loss-0.2987, train_rmse-0.5465, valid_rmse-1.1859, valid_pr-0.7751
2023-01-20 15:20:41 - INFO - epoch-243, train_loss-0.2944, train_rmse-0.5426, valid_rmse-1.1861, valid_pr-0.7736
2023-01-20 15:20:53 - INFO - epoch-244, train_loss-0.2921, train_rmse-0.5405, valid_rmse-1.1677, valid_pr-0.7819
2023-01-20 15:21:05 - INFO - epoch-245, train_loss-0.2849, train_rmse-0.5338, valid_rmse-1.1949, valid_pr-0.7775
2023-01-20 15:21:16 - INFO - epoch-246, train_loss-0.2822, train_rmse-0.5312, valid_rmse-1.2067, valid_pr-0.7749
2023-01-20 15:21:27 - INFO - epoch-247, train_loss-0.2859, train_rmse-0.5347, valid_rmse-1.1741, valid_pr-0.7795
2023-01-20 15:21:38 - INFO - epoch-248, train_loss-0.2787, train_rmse-0.5279, valid_rmse-1.1823, valid_pr-0.7808
2023-01-20 15:21:50 - INFO - epoch-249, train_loss-0.2859, train_rmse-0.5347, valid_rmse-1.2081, valid_pr-0.7759
2023-01-20 15:22:01 - INFO - epoch-250, train_loss-0.2828, train_rmse-0.5318, valid_rmse-1.1914, valid_pr-0.7790
2023-01-20 15:22:12 - INFO - epoch-251, train_loss-0.2803, train_rmse-0.5294, valid_rmse-1.1680, valid_pr-0.7834
2023-01-20 15:22:23 - INFO - epoch-252, train_loss-0.2733, train_rmse-0.5228, valid_rmse-1.1739, valid_pr-0.7803
2023-01-20 15:22:35 - INFO - epoch-253, train_loss-0.2713, train_rmse-0.5209, valid_rmse-1.1561, valid_pr-0.7834
2023-01-20 15:22:45 - INFO - epoch-254, train_loss-0.2745, train_rmse-0.5240, valid_rmse-1.1773, valid_pr-0.7813
2023-01-20 15:22:56 - INFO - epoch-255, train_loss-0.2721, train_rmse-0.5216, valid_rmse-1.1750, valid_pr-0.7806
2023-01-20 15:23:07 - INFO - epoch-256, train_loss-0.2688, train_rmse-0.5184, valid_rmse-1.1608, valid_pr-0.7813
2023-01-20 15:23:19 - INFO - epoch-257, train_loss-0.2792, train_rmse-0.5284, valid_rmse-1.1660, valid_pr-0.7810
2023-01-20 15:23:30 - INFO - epoch-258, train_loss-0.2738, train_rmse-0.5233, valid_rmse-1.1724, valid_pr-0.7778
2023-01-20 15:23:41 - INFO - epoch-259, train_loss-0.2657, train_rmse-0.5154, valid_rmse-1.1893, valid_pr-0.7799
2023-01-20 15:23:52 - INFO - epoch-260, train_loss-0.2648, train_rmse-0.5146, valid_rmse-1.1572, valid_pr-0.7824
2023-01-20 15:24:03 - INFO - epoch-261, train_loss-0.2686, train_rmse-0.5183, valid_rmse-1.1818, valid_pr-0.7796
2023-01-20 15:24:14 - INFO - epoch-262, train_loss-0.2666, train_rmse-0.5163, valid_rmse-1.1662, valid_pr-0.7811
2023-01-20 15:24:25 - INFO - epoch-263, train_loss-0.2727, train_rmse-0.5222, valid_rmse-1.1866, valid_pr-0.7794
2023-01-20 15:24:36 - INFO - epoch-264, train_loss-0.2626, train_rmse-0.5124, valid_rmse-1.1730, valid_pr-0.7839
2023-01-20 15:24:36 - INFO - early stop in epoch 264
2023-01-20 15:24:36 - INFO - best_rmse: 1.1502
2023-01-20 15:24:42 - INFO - valid_rmse-1.1502, valid_pr-0.7866, test2013_rmse-1.2692, test2013_pr-0.8471, test2016_rmse-1.1275, test2016_pr-0.8573, test2019_rmse-1.3841, test2019_pr-0.6638,
