2023-01-20 13:57:57 - INFO - /data2/yzd/project/HIGN_git/train.py
2023-01-20 13:57:57 - INFO - train data: 11904
2023-01-20 13:57:57 - INFO - valid data: 1000
2023-01-20 13:57:57 - INFO - test2013 data: 107
2023-01-20 13:57:57 - INFO - test2016 data: 285
2023-01-20 13:57:57 - INFO - test2019 data: 4366
2023-01-20 13:58:11 - INFO - epoch-0, train_loss-78.0117, train_rmse-8.8324, valid_rmse-2.6064, valid_pr-0.3824
2023-01-20 13:58:23 - INFO - epoch-1, train_loss-15.0679, train_rmse-3.8817, valid_rmse-2.0621, valid_pr-0.4532
2023-01-20 13:58:34 - INFO - epoch-2, train_loss-8.5296, train_rmse-2.9206, valid_rmse-1.8197, valid_pr-0.4995
2023-01-20 13:58:46 - INFO - epoch-3, train_loss-6.1939, train_rmse-2.4888, valid_rmse-1.7097, valid_pr-0.5209
2023-01-20 13:58:58 - INFO - epoch-4, train_loss-4.9509, train_rmse-2.2251, valid_rmse-1.6738, valid_pr-0.5357
2023-01-20 13:59:10 - INFO - epoch-5, train_loss-4.3204, train_rmse-2.0786, valid_rmse-1.7228, valid_pr-0.5525
2023-01-20 13:59:23 - INFO - epoch-6, train_loss-3.6760, train_rmse-1.9173, valid_rmse-1.5975, valid_pr-0.5742
2023-01-20 13:59:35 - INFO - epoch-7, train_loss-3.4447, train_rmse-1.8560, valid_rmse-1.8278, valid_pr-0.5808
2023-01-20 13:59:47 - INFO - epoch-8, train_loss-3.1424, train_rmse-1.7727, valid_rmse-1.7682, valid_pr-0.5873
2023-01-20 13:59:59 - INFO - epoch-9, train_loss-2.8796, train_rmse-1.6970, valid_rmse-1.5165, valid_pr-0.6011
2023-01-20 14:00:11 - INFO - epoch-10, train_loss-2.6522, train_rmse-1.6286, valid_rmse-1.6383, valid_pr-0.6036
2023-01-20 14:00:23 - INFO - epoch-11, train_loss-2.5589, train_rmse-1.5997, valid_rmse-1.5236, valid_pr-0.6044
2023-01-20 14:00:35 - INFO - epoch-12, train_loss-2.4497, train_rmse-1.5651, valid_rmse-1.5250, valid_pr-0.6120
2023-01-20 14:00:47 - INFO - epoch-13, train_loss-2.4338, train_rmse-1.5601, valid_rmse-1.4360, valid_pr-0.6300
2023-01-20 14:00:59 - INFO - epoch-14, train_loss-2.2684, train_rmse-1.5061, valid_rmse-1.5106, valid_pr-0.6264
2023-01-20 14:01:12 - INFO - epoch-15, train_loss-2.1888, train_rmse-1.4795, valid_rmse-1.4468, valid_pr-0.6371
2023-01-20 14:01:24 - INFO - epoch-16, train_loss-2.1559, train_rmse-1.4683, valid_rmse-1.5667, valid_pr-0.6293
2023-01-20 14:01:36 - INFO - epoch-17, train_loss-2.1111, train_rmse-1.4529, valid_rmse-1.4530, valid_pr-0.6345
2023-01-20 14:01:49 - INFO - epoch-18, train_loss-2.0849, train_rmse-1.4439, valid_rmse-1.5293, valid_pr-0.6323
2023-01-20 14:02:01 - INFO - epoch-19, train_loss-2.0251, train_rmse-1.4231, valid_rmse-1.4204, valid_pr-0.6419
2023-01-20 14:02:13 - INFO - epoch-20, train_loss-2.0078, train_rmse-1.4170, valid_rmse-1.4206, valid_pr-0.6523
2023-01-20 14:02:26 - INFO - epoch-21, train_loss-1.9264, train_rmse-1.3880, valid_rmse-1.5289, valid_pr-0.6364
2023-01-20 14:02:38 - INFO - epoch-22, train_loss-1.8961, train_rmse-1.3770, valid_rmse-1.4108, valid_pr-0.6553
2023-01-20 14:02:50 - INFO - epoch-23, train_loss-1.9181, train_rmse-1.3849, valid_rmse-1.5035, valid_pr-0.6431
2023-01-20 14:03:02 - INFO - epoch-24, train_loss-1.8582, train_rmse-1.3631, valid_rmse-1.4363, valid_pr-0.6499
2023-01-20 14:03:14 - INFO - epoch-25, train_loss-1.9149, train_rmse-1.3838, valid_rmse-1.4793, valid_pr-0.6436
2023-01-20 14:03:26 - INFO - epoch-26, train_loss-1.7716, train_rmse-1.3310, valid_rmse-1.4844, valid_pr-0.6515
2023-01-20 14:03:38 - INFO - epoch-27, train_loss-1.7052, train_rmse-1.3058, valid_rmse-1.4416, valid_pr-0.6550
2023-01-20 14:03:50 - INFO - epoch-28, train_loss-1.7247, train_rmse-1.3133, valid_rmse-1.4388, valid_pr-0.6507
2023-01-20 14:04:02 - INFO - epoch-29, train_loss-1.7830, train_rmse-1.3353, valid_rmse-1.3821, valid_pr-0.6686
2023-01-20 14:04:14 - INFO - epoch-30, train_loss-1.6760, train_rmse-1.2946, valid_rmse-1.4578, valid_pr-0.6571
2023-01-20 14:04:26 - INFO - epoch-31, train_loss-1.7151, train_rmse-1.3096, valid_rmse-1.3856, valid_pr-0.6678
2023-01-20 14:04:38 - INFO - epoch-32, train_loss-1.6412, train_rmse-1.2811, valid_rmse-1.4609, valid_pr-0.6584
2023-01-20 14:04:50 - INFO - epoch-33, train_loss-1.6309, train_rmse-1.2770, valid_rmse-1.5037, valid_pr-0.6654
2023-01-20 14:05:02 - INFO - epoch-34, train_loss-1.6402, train_rmse-1.2807, valid_rmse-1.3580, valid_pr-0.6847
2023-01-20 14:05:14 - INFO - epoch-35, train_loss-1.5936, train_rmse-1.2624, valid_rmse-1.3662, valid_pr-0.6751
2023-01-20 14:05:26 - INFO - epoch-36, train_loss-1.6182, train_rmse-1.2721, valid_rmse-1.3742, valid_pr-0.6717
2023-01-20 14:05:38 - INFO - epoch-37, train_loss-1.5890, train_rmse-1.2605, valid_rmse-1.3819, valid_pr-0.6699
2023-01-20 14:05:50 - INFO - epoch-38, train_loss-1.5948, train_rmse-1.2629, valid_rmse-1.4040, valid_pr-0.6738
2023-01-20 14:06:02 - INFO - epoch-39, train_loss-1.5453, train_rmse-1.2431, valid_rmse-1.3768, valid_pr-0.6704
2023-01-20 14:06:15 - INFO - epoch-40, train_loss-1.5225, train_rmse-1.2339, valid_rmse-1.3321, valid_pr-0.6927
2023-01-20 14:06:27 - INFO - epoch-41, train_loss-1.5217, train_rmse-1.2336, valid_rmse-1.3997, valid_pr-0.6811
2023-01-20 14:06:39 - INFO - epoch-42, train_loss-1.4651, train_rmse-1.2104, valid_rmse-1.3585, valid_pr-0.6895
2023-01-20 14:06:51 - INFO - epoch-43, train_loss-1.4696, train_rmse-1.2123, valid_rmse-1.3585, valid_pr-0.6915
2023-01-20 14:07:03 - INFO - epoch-44, train_loss-1.4856, train_rmse-1.2189, valid_rmse-1.3908, valid_pr-0.6864
2023-01-20 14:07:15 - INFO - epoch-45, train_loss-1.4422, train_rmse-1.2009, valid_rmse-1.3461, valid_pr-0.6920
2023-01-20 14:07:28 - INFO - epoch-46, train_loss-1.4175, train_rmse-1.1906, valid_rmse-1.3468, valid_pr-0.6920
2023-01-20 14:07:40 - INFO - epoch-47, train_loss-1.4719, train_rmse-1.2132, valid_rmse-1.4291, valid_pr-0.6957
2023-01-20 14:07:52 - INFO - epoch-48, train_loss-1.3890, train_rmse-1.1786, valid_rmse-1.3249, valid_pr-0.6972
2023-01-20 14:08:04 - INFO - epoch-49, train_loss-1.4357, train_rmse-1.1982, valid_rmse-1.3632, valid_pr-0.6884
2023-01-20 14:08:16 - INFO - epoch-50, train_loss-1.3641, train_rmse-1.1679, valid_rmse-1.4832, valid_pr-0.6961
2023-01-20 14:08:28 - INFO - epoch-51, train_loss-1.3792, train_rmse-1.1744, valid_rmse-1.3331, valid_pr-0.7011
2023-01-20 14:08:40 - INFO - epoch-52, train_loss-1.3503, train_rmse-1.1620, valid_rmse-1.3991, valid_pr-0.6956
2023-01-20 14:08:52 - INFO - epoch-53, train_loss-1.3393, train_rmse-1.1573, valid_rmse-1.3215, valid_pr-0.7035
2023-01-20 14:09:04 - INFO - epoch-54, train_loss-1.3570, train_rmse-1.1649, valid_rmse-1.3352, valid_pr-0.7064
2023-01-20 14:09:16 - INFO - epoch-55, train_loss-1.3471, train_rmse-1.1606, valid_rmse-1.4140, valid_pr-0.6943
2023-01-20 14:09:28 - INFO - epoch-56, train_loss-1.3507, train_rmse-1.1622, valid_rmse-1.3249, valid_pr-0.6992
2023-01-20 14:09:40 - INFO - epoch-57, train_loss-1.3181, train_rmse-1.1481, valid_rmse-1.2983, valid_pr-0.7132
2023-01-20 14:09:53 - INFO - epoch-58, train_loss-1.2781, train_rmse-1.1305, valid_rmse-1.3538, valid_pr-0.7100
2023-01-20 14:10:05 - INFO - epoch-59, train_loss-1.2798, train_rmse-1.1313, valid_rmse-1.2903, valid_pr-0.7159
2023-01-20 14:10:17 - INFO - epoch-60, train_loss-1.2704, train_rmse-1.1271, valid_rmse-1.3078, valid_pr-0.7157
2023-01-20 14:10:29 - INFO - epoch-61, train_loss-1.2830, train_rmse-1.1327, valid_rmse-1.3267, valid_pr-0.7132
2023-01-20 14:10:41 - INFO - epoch-62, train_loss-1.2573, train_rmse-1.1213, valid_rmse-1.3308, valid_pr-0.7167
2023-01-20 14:10:53 - INFO - epoch-63, train_loss-1.2343, train_rmse-1.1110, valid_rmse-1.3127, valid_pr-0.7062
2023-01-20 14:11:05 - INFO - epoch-64, train_loss-1.2632, train_rmse-1.1239, valid_rmse-1.3731, valid_pr-0.7119
2023-01-20 14:11:17 - INFO - epoch-65, train_loss-1.2602, train_rmse-1.1226, valid_rmse-1.3031, valid_pr-0.7205
2023-01-20 14:11:29 - INFO - epoch-66, train_loss-1.2027, train_rmse-1.0967, valid_rmse-1.3415, valid_pr-0.7091
2023-01-20 14:11:41 - INFO - epoch-67, train_loss-1.1961, train_rmse-1.0937, valid_rmse-1.2703, valid_pr-0.7266
2023-01-20 14:11:53 - INFO - epoch-68, train_loss-1.1672, train_rmse-1.0804, valid_rmse-1.2762, valid_pr-0.7254
2023-01-20 14:12:05 - INFO - epoch-69, train_loss-1.1547, train_rmse-1.0746, valid_rmse-1.2822, valid_pr-0.7228
2023-01-20 14:12:17 - INFO - epoch-70, train_loss-1.1919, train_rmse-1.0918, valid_rmse-1.3063, valid_pr-0.7157
2023-01-20 14:12:29 - INFO - epoch-71, train_loss-1.1429, train_rmse-1.0691, valid_rmse-1.2766, valid_pr-0.7249
2023-01-20 14:12:41 - INFO - epoch-72, train_loss-1.1480, train_rmse-1.0714, valid_rmse-1.2859, valid_pr-0.7309
2023-01-20 14:12:53 - INFO - epoch-73, train_loss-1.1518, train_rmse-1.0732, valid_rmse-1.3532, valid_pr-0.7178
2023-01-20 14:13:05 - INFO - epoch-74, train_loss-1.1528, train_rmse-1.0737, valid_rmse-1.3283, valid_pr-0.7170
2023-01-20 14:13:17 - INFO - epoch-75, train_loss-1.1251, train_rmse-1.0607, valid_rmse-1.3155, valid_pr-0.7301
2023-01-20 14:13:29 - INFO - epoch-76, train_loss-1.0867, train_rmse-1.0425, valid_rmse-1.2580, valid_pr-0.7332
2023-01-20 14:13:41 - INFO - epoch-77, train_loss-1.1309, train_rmse-1.0634, valid_rmse-1.2550, valid_pr-0.7371
2023-01-20 14:13:54 - INFO - epoch-78, train_loss-1.1044, train_rmse-1.0509, valid_rmse-1.2666, valid_pr-0.7298
2023-01-20 14:14:06 - INFO - epoch-79, train_loss-1.0988, train_rmse-1.0483, valid_rmse-1.3225, valid_pr-0.7245
2023-01-20 14:14:18 - INFO - epoch-80, train_loss-1.0601, train_rmse-1.0296, valid_rmse-1.2912, valid_pr-0.7303
2023-01-20 14:14:30 - INFO - epoch-81, train_loss-1.0752, train_rmse-1.0369, valid_rmse-1.2590, valid_pr-0.7339
2023-01-20 14:14:42 - INFO - epoch-82, train_loss-1.0599, train_rmse-1.0295, valid_rmse-1.2801, valid_pr-0.7299
2023-01-20 14:14:54 - INFO - epoch-83, train_loss-1.0240, train_rmse-1.0119, valid_rmse-1.2935, valid_pr-0.7308
2023-01-20 14:15:06 - INFO - epoch-84, train_loss-1.0151, train_rmse-1.0075, valid_rmse-1.2655, valid_pr-0.7333
2023-01-20 14:15:18 - INFO - epoch-85, train_loss-1.0248, train_rmse-1.0123, valid_rmse-1.3079, valid_pr-0.7361
2023-01-20 14:15:30 - INFO - epoch-86, train_loss-1.0014, train_rmse-1.0007, valid_rmse-1.2406, valid_pr-0.7439
2023-01-20 14:15:42 - INFO - epoch-87, train_loss-1.0000, train_rmse-1.0000, valid_rmse-1.2660, valid_pr-0.7384
2023-01-20 14:15:54 - INFO - epoch-88, train_loss-0.9687, train_rmse-0.9842, valid_rmse-1.2330, valid_pr-0.7469
2023-01-20 14:16:06 - INFO - epoch-89, train_loss-0.9924, train_rmse-0.9962, valid_rmse-1.2494, valid_pr-0.7455
2023-01-20 14:16:18 - INFO - epoch-90, train_loss-0.9778, train_rmse-0.9888, valid_rmse-1.3360, valid_pr-0.7253
2023-01-20 14:16:30 - INFO - epoch-91, train_loss-0.9720, train_rmse-0.9859, valid_rmse-1.3011, valid_pr-0.7405
2023-01-20 14:16:42 - INFO - epoch-92, train_loss-0.9615, train_rmse-0.9805, valid_rmse-1.3043, valid_pr-0.7429
2023-01-20 14:16:54 - INFO - epoch-93, train_loss-0.9464, train_rmse-0.9728, valid_rmse-1.3091, valid_pr-0.7313
2023-01-20 14:17:06 - INFO - epoch-94, train_loss-0.9361, train_rmse-0.9675, valid_rmse-1.2429, valid_pr-0.7466
2023-01-20 14:17:17 - INFO - epoch-95, train_loss-0.9549, train_rmse-0.9772, valid_rmse-1.2394, valid_pr-0.7440
2023-01-20 14:17:29 - INFO - epoch-96, train_loss-0.9021, train_rmse-0.9498, valid_rmse-1.2556, valid_pr-0.7404
2023-01-20 14:17:41 - INFO - epoch-97, train_loss-0.9232, train_rmse-0.9608, valid_rmse-1.2277, valid_pr-0.7510
2023-01-20 14:17:54 - INFO - epoch-98, train_loss-0.9171, train_rmse-0.9577, valid_rmse-1.2903, valid_pr-0.7418
2023-01-20 14:18:06 - INFO - epoch-99, train_loss-0.8808, train_rmse-0.9385, valid_rmse-1.2644, valid_pr-0.7440
2023-01-20 14:18:18 - INFO - epoch-100, train_loss-0.9213, train_rmse-0.9599, valid_rmse-1.2208, valid_pr-0.7520
2023-01-20 14:18:30 - INFO - epoch-101, train_loss-0.8908, train_rmse-0.9438, valid_rmse-1.2504, valid_pr-0.7471
2023-01-20 14:18:42 - INFO - epoch-102, train_loss-0.8631, train_rmse-0.9291, valid_rmse-1.2280, valid_pr-0.7499
2023-01-20 14:18:54 - INFO - epoch-103, train_loss-0.8656, train_rmse-0.9304, valid_rmse-1.2135, valid_pr-0.7555
2023-01-20 14:19:06 - INFO - epoch-104, train_loss-0.8627, train_rmse-0.9288, valid_rmse-1.2113, valid_pr-0.7555
2023-01-20 14:19:17 - INFO - epoch-105, train_loss-0.8495, train_rmse-0.9217, valid_rmse-1.2284, valid_pr-0.7514
2023-01-20 14:19:29 - INFO - epoch-106, train_loss-0.8408, train_rmse-0.9169, valid_rmse-1.2313, valid_pr-0.7487
2023-01-20 14:19:41 - INFO - epoch-107, train_loss-0.8078, train_rmse-0.8988, valid_rmse-1.2324, valid_pr-0.7470
2023-01-20 14:19:53 - INFO - epoch-108, train_loss-0.8249, train_rmse-0.9082, valid_rmse-1.2467, valid_pr-0.7454
2023-01-20 14:20:05 - INFO - epoch-109, train_loss-0.7892, train_rmse-0.8883, valid_rmse-1.2286, valid_pr-0.7547
2023-01-20 14:20:17 - INFO - epoch-110, train_loss-0.8093, train_rmse-0.8996, valid_rmse-1.2385, valid_pr-0.7489
2023-01-20 14:20:29 - INFO - epoch-111, train_loss-0.8017, train_rmse-0.8954, valid_rmse-1.2518, valid_pr-0.7480
2023-01-20 14:20:41 - INFO - epoch-112, train_loss-0.7775, train_rmse-0.8818, valid_rmse-1.2162, valid_pr-0.7595
2023-01-20 14:20:53 - INFO - epoch-113, train_loss-0.7512, train_rmse-0.8667, valid_rmse-1.2249, valid_pr-0.7553
2023-01-20 14:21:05 - INFO - epoch-114, train_loss-0.7549, train_rmse-0.8688, valid_rmse-1.2653, valid_pr-0.7504
2023-01-20 14:21:18 - INFO - epoch-115, train_loss-0.7424, train_rmse-0.8616, valid_rmse-1.2397, valid_pr-0.7527
2023-01-20 14:21:30 - INFO - epoch-116, train_loss-0.7511, train_rmse-0.8666, valid_rmse-1.2138, valid_pr-0.7583
2023-01-20 14:21:42 - INFO - epoch-117, train_loss-0.7451, train_rmse-0.8632, valid_rmse-1.2476, valid_pr-0.7580
2023-01-20 14:21:54 - INFO - epoch-118, train_loss-0.7203, train_rmse-0.8487, valid_rmse-1.2102, valid_pr-0.7600
2023-01-20 14:22:07 - INFO - epoch-119, train_loss-0.7276, train_rmse-0.8530, valid_rmse-1.2565, valid_pr-0.7557
2023-01-20 14:22:19 - INFO - epoch-120, train_loss-0.7252, train_rmse-0.8516, valid_rmse-1.2333, valid_pr-0.7565
2023-01-20 14:22:31 - INFO - epoch-121, train_loss-0.7161, train_rmse-0.8462, valid_rmse-1.2414, valid_pr-0.7592
2023-01-20 14:22:43 - INFO - epoch-122, train_loss-0.6942, train_rmse-0.8332, valid_rmse-1.2188, valid_pr-0.7574
2023-01-20 14:22:55 - INFO - epoch-123, train_loss-0.7119, train_rmse-0.8437, valid_rmse-1.2853, valid_pr-0.7564
2023-01-20 14:23:07 - INFO - epoch-124, train_loss-0.6994, train_rmse-0.8363, valid_rmse-1.2454, valid_pr-0.7528
2023-01-20 14:23:19 - INFO - epoch-125, train_loss-0.6991, train_rmse-0.8361, valid_rmse-1.2295, valid_pr-0.7586
2023-01-20 14:23:31 - INFO - epoch-126, train_loss-0.6660, train_rmse-0.8161, valid_rmse-1.2238, valid_pr-0.7629
2023-01-20 14:23:43 - INFO - epoch-127, train_loss-0.6622, train_rmse-0.8137, valid_rmse-1.2421, valid_pr-0.7571
2023-01-20 14:23:55 - INFO - epoch-128, train_loss-0.6642, train_rmse-0.8150, valid_rmse-1.2177, valid_pr-0.7615
2023-01-20 14:24:07 - INFO - epoch-129, train_loss-0.6863, train_rmse-0.8284, valid_rmse-1.2087, valid_pr-0.7615
2023-01-20 14:24:19 - INFO - epoch-130, train_loss-0.6563, train_rmse-0.8101, valid_rmse-1.2219, valid_pr-0.7644
2023-01-20 14:24:31 - INFO - epoch-131, train_loss-0.6354, train_rmse-0.7971, valid_rmse-1.2072, valid_pr-0.7623
2023-01-20 14:24:43 - INFO - epoch-132, train_loss-0.6384, train_rmse-0.7990, valid_rmse-1.2073, valid_pr-0.7646
2023-01-20 14:24:56 - INFO - epoch-133, train_loss-0.6360, train_rmse-0.7975, valid_rmse-1.2250, valid_pr-0.7567
2023-01-20 14:25:08 - INFO - epoch-134, train_loss-0.6294, train_rmse-0.7933, valid_rmse-1.2667, valid_pr-0.7597
2023-01-20 14:25:20 - INFO - epoch-135, train_loss-0.6374, train_rmse-0.7984, valid_rmse-1.2014, valid_pr-0.7633
2023-01-20 14:25:33 - INFO - epoch-136, train_loss-0.6102, train_rmse-0.7812, valid_rmse-1.2392, valid_pr-0.7618
2023-01-20 14:25:45 - INFO - epoch-137, train_loss-0.6208, train_rmse-0.7879, valid_rmse-1.1999, valid_pr-0.7676
2023-01-20 14:25:57 - INFO - epoch-138, train_loss-0.5982, train_rmse-0.7735, valid_rmse-1.2182, valid_pr-0.7690
2023-01-20 14:26:10 - INFO - epoch-139, train_loss-0.6219, train_rmse-0.7886, valid_rmse-1.2349, valid_pr-0.7621
2023-01-20 14:26:22 - INFO - epoch-140, train_loss-0.5926, train_rmse-0.7698, valid_rmse-1.1864, valid_pr-0.7710
2023-01-20 14:26:34 - INFO - epoch-141, train_loss-0.5906, train_rmse-0.7685, valid_rmse-1.1968, valid_pr-0.7695
2023-01-20 14:26:46 - INFO - epoch-142, train_loss-0.5846, train_rmse-0.7646, valid_rmse-1.2099, valid_pr-0.7648
2023-01-20 14:26:58 - INFO - epoch-143, train_loss-0.5643, train_rmse-0.7512, valid_rmse-1.2017, valid_pr-0.7666
2023-01-20 14:27:10 - INFO - epoch-144, train_loss-0.5772, train_rmse-0.7598, valid_rmse-1.1799, valid_pr-0.7718
2023-01-20 14:27:22 - INFO - epoch-145, train_loss-0.5784, train_rmse-0.7605, valid_rmse-1.2022, valid_pr-0.7698
2023-01-20 14:27:34 - INFO - epoch-146, train_loss-0.5522, train_rmse-0.7431, valid_rmse-1.2092, valid_pr-0.7681
2023-01-20 14:27:46 - INFO - epoch-147, train_loss-0.5460, train_rmse-0.7389, valid_rmse-1.1980, valid_pr-0.7668
2023-01-20 14:27:58 - INFO - epoch-148, train_loss-0.5522, train_rmse-0.7431, valid_rmse-1.2034, valid_pr-0.7631
2023-01-20 14:28:10 - INFO - epoch-149, train_loss-0.5447, train_rmse-0.7381, valid_rmse-1.2106, valid_pr-0.7696
2023-01-20 14:28:23 - INFO - epoch-150, train_loss-0.5519, train_rmse-0.7429, valid_rmse-1.2685, valid_pr-0.7638
2023-01-20 14:28:35 - INFO - epoch-151, train_loss-0.5475, train_rmse-0.7399, valid_rmse-1.2156, valid_pr-0.7634
2023-01-20 14:28:47 - INFO - epoch-152, train_loss-0.5265, train_rmse-0.7256, valid_rmse-1.1899, valid_pr-0.7697
2023-01-20 14:28:59 - INFO - epoch-153, train_loss-0.5248, train_rmse-0.7244, valid_rmse-1.2389, valid_pr-0.7666
2023-01-20 14:29:12 - INFO - epoch-154, train_loss-0.5217, train_rmse-0.7223, valid_rmse-1.2121, valid_pr-0.7681
2023-01-20 14:29:24 - INFO - epoch-155, train_loss-0.5331, train_rmse-0.7302, valid_rmse-1.2124, valid_pr-0.7644
2023-01-20 14:29:37 - INFO - epoch-156, train_loss-0.5125, train_rmse-0.7159, valid_rmse-1.1907, valid_pr-0.7693
2023-01-20 14:29:49 - INFO - epoch-157, train_loss-0.4992, train_rmse-0.7065, valid_rmse-1.2168, valid_pr-0.7651
2023-01-20 14:30:02 - INFO - epoch-158, train_loss-0.5160, train_rmse-0.7183, valid_rmse-1.2144, valid_pr-0.7581
2023-01-20 14:30:14 - INFO - epoch-159, train_loss-0.5046, train_rmse-0.7103, valid_rmse-1.1996, valid_pr-0.7674
2023-01-20 14:30:26 - INFO - epoch-160, train_loss-0.5061, train_rmse-0.7114, valid_rmse-1.1999, valid_pr-0.7686
2023-01-20 14:30:38 - INFO - epoch-161, train_loss-0.4957, train_rmse-0.7041, valid_rmse-1.2288, valid_pr-0.7653
2023-01-20 14:30:50 - INFO - epoch-162, train_loss-0.4840, train_rmse-0.6957, valid_rmse-1.2204, valid_pr-0.7683
2023-01-20 14:31:02 - INFO - epoch-163, train_loss-0.4758, train_rmse-0.6898, valid_rmse-1.1923, valid_pr-0.7679
2023-01-20 14:31:14 - INFO - epoch-164, train_loss-0.4725, train_rmse-0.6874, valid_rmse-1.2065, valid_pr-0.7727
2023-01-20 14:31:26 - INFO - epoch-165, train_loss-0.4814, train_rmse-0.6938, valid_rmse-1.2405, valid_pr-0.7662
2023-01-20 14:31:38 - INFO - epoch-166, train_loss-0.4827, train_rmse-0.6948, valid_rmse-1.1867, valid_pr-0.7724
2023-01-20 14:31:50 - INFO - epoch-167, train_loss-0.4699, train_rmse-0.6855, valid_rmse-1.1942, valid_pr-0.7697
2023-01-20 14:32:01 - INFO - epoch-168, train_loss-0.4662, train_rmse-0.6828, valid_rmse-1.1993, valid_pr-0.7703
2023-01-20 14:32:13 - INFO - epoch-169, train_loss-0.4754, train_rmse-0.6895, valid_rmse-1.2311, valid_pr-0.7670
2023-01-20 14:32:26 - INFO - epoch-170, train_loss-0.4655, train_rmse-0.6822, valid_rmse-1.2242, valid_pr-0.7743
2023-01-20 14:32:38 - INFO - epoch-171, train_loss-0.4524, train_rmse-0.6726, valid_rmse-1.2170, valid_pr-0.7694
2023-01-20 14:32:50 - INFO - epoch-172, train_loss-0.4533, train_rmse-0.6732, valid_rmse-1.1884, valid_pr-0.7691
2023-01-20 14:33:02 - INFO - epoch-173, train_loss-0.4551, train_rmse-0.6746, valid_rmse-1.2213, valid_pr-0.7681
2023-01-20 14:33:14 - INFO - epoch-174, train_loss-0.4486, train_rmse-0.6698, valid_rmse-1.2418, valid_pr-0.7676
2023-01-20 14:33:26 - INFO - epoch-175, train_loss-0.4488, train_rmse-0.6699, valid_rmse-1.2051, valid_pr-0.7705
2023-01-20 14:33:38 - INFO - epoch-176, train_loss-0.4300, train_rmse-0.6557, valid_rmse-1.2384, valid_pr-0.7667
2023-01-20 14:33:51 - INFO - epoch-177, train_loss-0.4347, train_rmse-0.6593, valid_rmse-1.2167, valid_pr-0.7669
2023-01-20 14:34:03 - INFO - epoch-178, train_loss-0.4388, train_rmse-0.6624, valid_rmse-1.2018, valid_pr-0.7702
2023-01-20 14:34:15 - INFO - epoch-179, train_loss-0.4295, train_rmse-0.6553, valid_rmse-1.2070, valid_pr-0.7731
2023-01-20 14:34:27 - INFO - epoch-180, train_loss-0.4307, train_rmse-0.6563, valid_rmse-1.2622, valid_pr-0.7697
2023-01-20 14:34:39 - INFO - epoch-181, train_loss-0.4280, train_rmse-0.6542, valid_rmse-1.2073, valid_pr-0.7740
2023-01-20 14:34:51 - INFO - epoch-182, train_loss-0.4394, train_rmse-0.6629, valid_rmse-1.1960, valid_pr-0.7720
2023-01-20 14:35:03 - INFO - epoch-183, train_loss-0.4226, train_rmse-0.6501, valid_rmse-1.2055, valid_pr-0.7719
2023-01-20 14:35:15 - INFO - epoch-184, train_loss-0.4080, train_rmse-0.6387, valid_rmse-1.1931, valid_pr-0.7724
2023-01-20 14:35:27 - INFO - epoch-185, train_loss-0.4266, train_rmse-0.6532, valid_rmse-1.2225, valid_pr-0.7687
2023-01-20 14:35:39 - INFO - epoch-186, train_loss-0.4072, train_rmse-0.6381, valid_rmse-1.2141, valid_pr-0.7657
2023-01-20 14:35:51 - INFO - epoch-187, train_loss-0.4089, train_rmse-0.6395, valid_rmse-1.2094, valid_pr-0.7683
2023-01-20 14:36:03 - INFO - epoch-188, train_loss-0.3998, train_rmse-0.6323, valid_rmse-1.2086, valid_pr-0.7637
2023-01-20 14:36:15 - INFO - epoch-189, train_loss-0.4084, train_rmse-0.6390, valid_rmse-1.1992, valid_pr-0.7715
2023-01-20 14:36:27 - INFO - epoch-190, train_loss-0.3888, train_rmse-0.6235, valid_rmse-1.1975, valid_pr-0.7701
2023-01-20 14:36:39 - INFO - epoch-191, train_loss-0.3859, train_rmse-0.6212, valid_rmse-1.1824, valid_pr-0.7741
2023-01-20 14:36:51 - INFO - epoch-192, train_loss-0.4000, train_rmse-0.6325, valid_rmse-1.2068, valid_pr-0.7678
2023-01-20 14:37:03 - INFO - epoch-193, train_loss-0.3886, train_rmse-0.6234, valid_rmse-1.2071, valid_pr-0.7676
2023-01-20 14:37:15 - INFO - epoch-194, train_loss-0.4051, train_rmse-0.6365, valid_rmse-1.2425, valid_pr-0.7717
2023-01-20 14:37:27 - INFO - epoch-195, train_loss-0.3931, train_rmse-0.6270, valid_rmse-1.1931, valid_pr-0.7706
2023-01-20 14:37:27 - INFO - early stop in epoch 195
2023-01-20 14:37:27 - INFO - best_rmse: 1.1799
2023-01-20 14:37:32 - INFO - valid_rmse-1.1799, valid_pr-0.7718, test2013_rmse-1.3214, test2013_pr-0.8353, test2016_rmse-1.1703, test2016_pr-0.8503, test2019_rmse-1.3450, test2019_pr-0.6761,
