2023-01-20 15:24:42 - INFO - /data2/yzd/project/HIGN_git/train.py
2023-01-20 15:24:42 - INFO - train data: 11904
2023-01-20 15:24:42 - INFO - valid data: 1000
2023-01-20 15:24:42 - INFO - test2013 data: 107
2023-01-20 15:24:42 - INFO - test2016 data: 285
2023-01-20 15:24:42 - INFO - test2019 data: 4366
2023-01-20 15:24:53 - INFO - epoch-0, train_loss-83.6537, train_rmse-9.1462, valid_rmse-2.7737, valid_pr-0.3634
2023-01-20 15:25:04 - INFO - epoch-1, train_loss-20.9050, train_rmse-4.5722, valid_rmse-2.1144, valid_pr-0.4574
2023-01-20 15:25:16 - INFO - epoch-2, train_loss-9.3511, train_rmse-3.0580, valid_rmse-1.9316, valid_pr-0.4790
2023-01-20 15:25:27 - INFO - epoch-3, train_loss-6.7599, train_rmse-2.6000, valid_rmse-1.7524, valid_pr-0.5069
2023-01-20 15:25:38 - INFO - epoch-4, train_loss-5.2309, train_rmse-2.2871, valid_rmse-1.6716, valid_pr-0.5375
2023-01-20 15:25:49 - INFO - epoch-5, train_loss-4.4597, train_rmse-2.1118, valid_rmse-1.6258, valid_pr-0.5457
2023-01-20 15:26:00 - INFO - epoch-6, train_loss-3.9238, train_rmse-1.9809, valid_rmse-1.6049, valid_pr-0.5590
2023-01-20 15:26:11 - INFO - epoch-7, train_loss-3.5211, train_rmse-1.8765, valid_rmse-1.5492, valid_pr-0.5725
2023-01-20 15:26:22 - INFO - epoch-8, train_loss-3.2470, train_rmse-1.8019, valid_rmse-1.5543, valid_pr-0.5707
2023-01-20 15:26:33 - INFO - epoch-9, train_loss-2.9980, train_rmse-1.7315, valid_rmse-1.5049, valid_pr-0.5917
2023-01-20 15:26:44 - INFO - epoch-10, train_loss-2.8990, train_rmse-1.7027, valid_rmse-1.5202, valid_pr-0.5840
2023-01-20 15:26:56 - INFO - epoch-11, train_loss-2.7392, train_rmse-1.6551, valid_rmse-1.5020, valid_pr-0.6060
2023-01-20 15:27:07 - INFO - epoch-12, train_loss-2.6444, train_rmse-1.6262, valid_rmse-1.5620, valid_pr-0.5964
2023-01-20 15:27:18 - INFO - epoch-13, train_loss-2.5005, train_rmse-1.5813, valid_rmse-1.4784, valid_pr-0.6124
2023-01-20 15:27:29 - INFO - epoch-14, train_loss-2.3936, train_rmse-1.5471, valid_rmse-1.4592, valid_pr-0.6193
2023-01-20 15:27:40 - INFO - epoch-15, train_loss-2.3228, train_rmse-1.5241, valid_rmse-1.4576, valid_pr-0.6225
2023-01-20 15:27:51 - INFO - epoch-16, train_loss-2.2696, train_rmse-1.5065, valid_rmse-1.4839, valid_pr-0.6125
2023-01-20 15:28:03 - INFO - epoch-17, train_loss-2.1754, train_rmse-1.4749, valid_rmse-1.4497, valid_pr-0.6227
2023-01-20 15:28:15 - INFO - epoch-18, train_loss-2.1973, train_rmse-1.4823, valid_rmse-1.4609, valid_pr-0.6313
2023-01-20 15:28:26 - INFO - epoch-19, train_loss-2.1016, train_rmse-1.4497, valid_rmse-1.4821, valid_pr-0.6259
2023-01-20 15:28:38 - INFO - epoch-20, train_loss-2.0374, train_rmse-1.4274, valid_rmse-1.4619, valid_pr-0.6275
2023-01-20 15:28:49 - INFO - epoch-21, train_loss-1.9690, train_rmse-1.4032, valid_rmse-1.4633, valid_pr-0.6343
2023-01-20 15:29:01 - INFO - epoch-22, train_loss-1.9458, train_rmse-1.3949, valid_rmse-1.4595, valid_pr-0.6389
2023-01-20 15:29:12 - INFO - epoch-23, train_loss-1.8896, train_rmse-1.3746, valid_rmse-1.4182, valid_pr-0.6451
2023-01-20 15:29:24 - INFO - epoch-24, train_loss-1.8837, train_rmse-1.3725, valid_rmse-1.4333, valid_pr-0.6479
2023-01-20 15:29:35 - INFO - epoch-25, train_loss-1.8413, train_rmse-1.3569, valid_rmse-1.4142, valid_pr-0.6468
2023-01-20 15:29:46 - INFO - epoch-26, train_loss-1.8483, train_rmse-1.3595, valid_rmse-1.4144, valid_pr-0.6506
2023-01-20 15:29:58 - INFO - epoch-27, train_loss-1.8078, train_rmse-1.3446, valid_rmse-1.3898, valid_pr-0.6586
2023-01-20 15:30:09 - INFO - epoch-28, train_loss-1.7910, train_rmse-1.3383, valid_rmse-1.4011, valid_pr-0.6545
2023-01-20 15:30:20 - INFO - epoch-29, train_loss-1.7458, train_rmse-1.3213, valid_rmse-1.4280, valid_pr-0.6524
2023-01-20 15:30:32 - INFO - epoch-30, train_loss-1.7079, train_rmse-1.3069, valid_rmse-1.4086, valid_pr-0.6568
2023-01-20 15:30:43 - INFO - epoch-31, train_loss-1.7168, train_rmse-1.3103, valid_rmse-1.4002, valid_pr-0.6593
2023-01-20 15:30:55 - INFO - epoch-32, train_loss-1.6881, train_rmse-1.2993, valid_rmse-1.3953, valid_pr-0.6646
2023-01-20 15:31:06 - INFO - epoch-33, train_loss-1.6511, train_rmse-1.2850, valid_rmse-1.4101, valid_pr-0.6629
2023-01-20 15:31:18 - INFO - epoch-34, train_loss-1.6594, train_rmse-1.2882, valid_rmse-1.3785, valid_pr-0.6688
2023-01-20 15:31:29 - INFO - epoch-35, train_loss-1.6527, train_rmse-1.2856, valid_rmse-1.3796, valid_pr-0.6685
2023-01-20 15:31:40 - INFO - epoch-36, train_loss-1.6149, train_rmse-1.2708, valid_rmse-1.3843, valid_pr-0.6642
2023-01-20 15:31:52 - INFO - epoch-37, train_loss-1.5868, train_rmse-1.2597, valid_rmse-1.3693, valid_pr-0.6738
2023-01-20 15:32:03 - INFO - epoch-38, train_loss-1.5507, train_rmse-1.2453, valid_rmse-1.3591, valid_pr-0.6776
2023-01-20 15:32:15 - INFO - epoch-39, train_loss-1.5374, train_rmse-1.2399, valid_rmse-1.3802, valid_pr-0.6702
2023-01-20 15:32:26 - INFO - epoch-40, train_loss-1.5526, train_rmse-1.2460, valid_rmse-1.3790, valid_pr-0.6688
2023-01-20 15:32:37 - INFO - epoch-41, train_loss-1.5173, train_rmse-1.2318, valid_rmse-1.3534, valid_pr-0.6865
2023-01-20 15:32:48 - INFO - epoch-42, train_loss-1.5384, train_rmse-1.2403, valid_rmse-1.3617, valid_pr-0.6819
2023-01-20 15:33:00 - INFO - epoch-43, train_loss-1.5065, train_rmse-1.2274, valid_rmse-1.3588, valid_pr-0.6801
2023-01-20 15:33:11 - INFO - epoch-44, train_loss-1.4682, train_rmse-1.2117, valid_rmse-1.3935, valid_pr-0.6704
2023-01-20 15:33:22 - INFO - epoch-45, train_loss-1.4651, train_rmse-1.2104, valid_rmse-1.3453, valid_pr-0.6865
2023-01-20 15:33:34 - INFO - epoch-46, train_loss-1.4521, train_rmse-1.2050, valid_rmse-1.4002, valid_pr-0.6786
2023-01-20 15:33:45 - INFO - epoch-47, train_loss-1.4436, train_rmse-1.2015, valid_rmse-1.3674, valid_pr-0.6810
2023-01-20 15:33:56 - INFO - epoch-48, train_loss-1.4399, train_rmse-1.2000, valid_rmse-1.3308, valid_pr-0.6936
2023-01-20 15:34:08 - INFO - epoch-49, train_loss-1.4106, train_rmse-1.1877, valid_rmse-1.3400, valid_pr-0.6907
2023-01-20 15:34:19 - INFO - epoch-50, train_loss-1.3850, train_rmse-1.1768, valid_rmse-1.3318, valid_pr-0.7008
2023-01-20 15:34:30 - INFO - epoch-51, train_loss-1.3866, train_rmse-1.1775, valid_rmse-1.3762, valid_pr-0.6887
2023-01-20 15:34:42 - INFO - epoch-52, train_loss-1.3616, train_rmse-1.1669, valid_rmse-1.3185, valid_pr-0.7009
2023-01-20 15:34:53 - INFO - epoch-53, train_loss-1.3623, train_rmse-1.1672, valid_rmse-1.3363, valid_pr-0.6954
2023-01-20 15:35:05 - INFO - epoch-54, train_loss-1.3584, train_rmse-1.1655, valid_rmse-1.3445, valid_pr-0.6986
2023-01-20 15:35:16 - INFO - epoch-55, train_loss-1.3564, train_rmse-1.1647, valid_rmse-1.3180, valid_pr-0.7027
2023-01-20 15:35:28 - INFO - epoch-56, train_loss-1.3365, train_rmse-1.1561, valid_rmse-1.3308, valid_pr-0.6968
2023-01-20 15:35:39 - INFO - epoch-57, train_loss-1.3336, train_rmse-1.1548, valid_rmse-1.3154, valid_pr-0.7032
2023-01-20 15:35:51 - INFO - epoch-58, train_loss-1.3028, train_rmse-1.1414, valid_rmse-1.3006, valid_pr-0.7123
2023-01-20 15:36:02 - INFO - epoch-59, train_loss-1.2935, train_rmse-1.1373, valid_rmse-1.3305, valid_pr-0.7067
2023-01-20 15:36:14 - INFO - epoch-60, train_loss-1.2986, train_rmse-1.1396, valid_rmse-1.3432, valid_pr-0.7011
2023-01-20 15:36:25 - INFO - epoch-61, train_loss-1.2918, train_rmse-1.1366, valid_rmse-1.3317, valid_pr-0.7017
2023-01-20 15:36:37 - INFO - epoch-62, train_loss-1.2727, train_rmse-1.1282, valid_rmse-1.3010, valid_pr-0.7110
2023-01-20 15:36:48 - INFO - epoch-63, train_loss-1.2622, train_rmse-1.1235, valid_rmse-1.2948, valid_pr-0.7137
2023-01-20 15:36:59 - INFO - epoch-64, train_loss-1.2430, train_rmse-1.1149, valid_rmse-1.3143, valid_pr-0.7111
2023-01-20 15:37:10 - INFO - epoch-65, train_loss-1.2419, train_rmse-1.1144, valid_rmse-1.2835, valid_pr-0.7239
2023-01-20 15:37:21 - INFO - epoch-66, train_loss-1.2403, train_rmse-1.1137, valid_rmse-1.2979, valid_pr-0.7128
2023-01-20 15:37:32 - INFO - epoch-67, train_loss-1.2435, train_rmse-1.1151, valid_rmse-1.3012, valid_pr-0.7163
2023-01-20 15:37:43 - INFO - epoch-68, train_loss-1.2357, train_rmse-1.1116, valid_rmse-1.3054, valid_pr-0.7124
2023-01-20 15:37:54 - INFO - epoch-69, train_loss-1.2200, train_rmse-1.1046, valid_rmse-1.2787, valid_pr-0.7217
2023-01-20 15:38:05 - INFO - epoch-70, train_loss-1.2313, train_rmse-1.1097, valid_rmse-1.3099, valid_pr-0.7209
2023-01-20 15:38:16 - INFO - epoch-71, train_loss-1.2048, train_rmse-1.0976, valid_rmse-1.2835, valid_pr-0.7314
2023-01-20 15:38:27 - INFO - epoch-72, train_loss-1.1771, train_rmse-1.0849, valid_rmse-1.3167, valid_pr-0.7150
2023-01-20 15:38:38 - INFO - epoch-73, train_loss-1.1566, train_rmse-1.0754, valid_rmse-1.2872, valid_pr-0.7192
2023-01-20 15:38:49 - INFO - epoch-74, train_loss-1.1591, train_rmse-1.0766, valid_rmse-1.2750, valid_pr-0.7272
2023-01-20 15:39:00 - INFO - epoch-75, train_loss-1.1606, train_rmse-1.0773, valid_rmse-1.2893, valid_pr-0.7174
2023-01-20 15:39:12 - INFO - epoch-76, train_loss-1.1481, train_rmse-1.0715, valid_rmse-1.2606, valid_pr-0.7317
2023-01-20 15:39:23 - INFO - epoch-77, train_loss-1.1492, train_rmse-1.0720, valid_rmse-1.2842, valid_pr-0.7201
2023-01-20 15:39:34 - INFO - epoch-78, train_loss-1.1240, train_rmse-1.0602, valid_rmse-1.2612, valid_pr-0.7333
2023-01-20 15:39:45 - INFO - epoch-79, train_loss-1.1165, train_rmse-1.0566, valid_rmse-1.2950, valid_pr-0.7230
2023-01-20 15:39:56 - INFO - epoch-80, train_loss-1.1030, train_rmse-1.0502, valid_rmse-1.2538, valid_pr-0.7349
2023-01-20 15:40:07 - INFO - epoch-81, train_loss-1.0962, train_rmse-1.0470, valid_rmse-1.2749, valid_pr-0.7325
2023-01-20 15:40:19 - INFO - epoch-82, train_loss-1.0791, train_rmse-1.0388, valid_rmse-1.2777, valid_pr-0.7274
2023-01-20 15:40:30 - INFO - epoch-83, train_loss-1.0746, train_rmse-1.0366, valid_rmse-1.2508, valid_pr-0.7369
2023-01-20 15:40:41 - INFO - epoch-84, train_loss-1.0600, train_rmse-1.0295, valid_rmse-1.2615, valid_pr-0.7342
2023-01-20 15:40:52 - INFO - epoch-85, train_loss-1.0561, train_rmse-1.0277, valid_rmse-1.2568, valid_pr-0.7394
2023-01-20 15:41:03 - INFO - epoch-86, train_loss-1.0262, train_rmse-1.0130, valid_rmse-1.2579, valid_pr-0.7352
2023-01-20 15:41:15 - INFO - epoch-87, train_loss-1.0253, train_rmse-1.0126, valid_rmse-1.2544, valid_pr-0.7368
2023-01-20 15:41:26 - INFO - epoch-88, train_loss-1.0310, train_rmse-1.0154, valid_rmse-1.2628, valid_pr-0.7394
2023-01-20 15:41:36 - INFO - epoch-89, train_loss-1.0288, train_rmse-1.0143, valid_rmse-1.2394, valid_pr-0.7427
2023-01-20 15:41:47 - INFO - epoch-90, train_loss-1.0001, train_rmse-1.0000, valid_rmse-1.2448, valid_pr-0.7445
2023-01-20 15:41:58 - INFO - epoch-91, train_loss-0.9993, train_rmse-0.9997, valid_rmse-1.2634, valid_pr-0.7389
2023-01-20 15:42:10 - INFO - epoch-92, train_loss-0.9893, train_rmse-0.9946, valid_rmse-1.2609, valid_pr-0.7367
2023-01-20 15:42:21 - INFO - epoch-93, train_loss-0.9779, train_rmse-0.9889, valid_rmse-1.2394, valid_pr-0.7433
2023-01-20 15:42:33 - INFO - epoch-94, train_loss-0.9548, train_rmse-0.9771, valid_rmse-1.2378, valid_pr-0.7456
2023-01-20 15:42:44 - INFO - epoch-95, train_loss-0.9546, train_rmse-0.9770, valid_rmse-1.2359, valid_pr-0.7465
2023-01-20 15:42:55 - INFO - epoch-96, train_loss-0.9712, train_rmse-0.9855, valid_rmse-1.2318, valid_pr-0.7472
2023-01-20 15:43:07 - INFO - epoch-97, train_loss-0.9449, train_rmse-0.9721, valid_rmse-1.2489, valid_pr-0.7422
2023-01-20 15:43:18 - INFO - epoch-98, train_loss-0.9451, train_rmse-0.9722, valid_rmse-1.2255, valid_pr-0.7504
2023-01-20 15:43:29 - INFO - epoch-99, train_loss-0.9329, train_rmse-0.9659, valid_rmse-1.2701, valid_pr-0.7415
2023-01-20 15:43:40 - INFO - epoch-100, train_loss-0.9183, train_rmse-0.9583, valid_rmse-1.2318, valid_pr-0.7490
2023-01-20 15:43:51 - INFO - epoch-101, train_loss-0.9131, train_rmse-0.9556, valid_rmse-1.2598, valid_pr-0.7423
2023-01-20 15:44:02 - INFO - epoch-102, train_loss-0.9043, train_rmse-0.9509, valid_rmse-1.2459, valid_pr-0.7444
2023-01-20 15:44:13 - INFO - epoch-103, train_loss-0.9214, train_rmse-0.9599, valid_rmse-1.2196, valid_pr-0.7543
2023-01-20 15:44:24 - INFO - epoch-104, train_loss-0.8881, train_rmse-0.9424, valid_rmse-1.2394, valid_pr-0.7485
2023-01-20 15:44:35 - INFO - epoch-105, train_loss-0.8631, train_rmse-0.9290, valid_rmse-1.2264, valid_pr-0.7556
2023-01-20 15:44:46 - INFO - epoch-106, train_loss-0.8570, train_rmse-0.9258, valid_rmse-1.2201, valid_pr-0.7530
2023-01-20 15:44:58 - INFO - epoch-107, train_loss-0.8468, train_rmse-0.9202, valid_rmse-1.2264, valid_pr-0.7526
2023-01-20 15:45:09 - INFO - epoch-108, train_loss-0.8408, train_rmse-0.9170, valid_rmse-1.2762, valid_pr-0.7426
2023-01-20 15:45:20 - INFO - epoch-109, train_loss-0.8291, train_rmse-0.9106, valid_rmse-1.1954, valid_pr-0.7653
2023-01-20 15:45:30 - INFO - epoch-110, train_loss-0.8328, train_rmse-0.9126, valid_rmse-1.2041, valid_pr-0.7602
2023-01-20 15:45:41 - INFO - epoch-111, train_loss-0.8219, train_rmse-0.9066, valid_rmse-1.2267, valid_pr-0.7568
2023-01-20 15:45:52 - INFO - epoch-112, train_loss-0.7968, train_rmse-0.8927, valid_rmse-1.2496, valid_pr-0.7482
2023-01-20 15:46:03 - INFO - epoch-113, train_loss-0.8089, train_rmse-0.8994, valid_rmse-1.2205, valid_pr-0.7584
2023-01-20 15:46:14 - INFO - epoch-114, train_loss-0.8044, train_rmse-0.8969, valid_rmse-1.2150, valid_pr-0.7590
2023-01-20 15:46:26 - INFO - epoch-115, train_loss-0.7832, train_rmse-0.8850, valid_rmse-1.1916, valid_pr-0.7660
2023-01-20 15:46:37 - INFO - epoch-116, train_loss-0.7803, train_rmse-0.8834, valid_rmse-1.2097, valid_pr-0.7569
2023-01-20 15:46:48 - INFO - epoch-117, train_loss-0.7758, train_rmse-0.8808, valid_rmse-1.2095, valid_pr-0.7609
2023-01-20 15:46:59 - INFO - epoch-118, train_loss-0.7522, train_rmse-0.8673, valid_rmse-1.2087, valid_pr-0.7579
2023-01-20 15:47:10 - INFO - epoch-119, train_loss-0.7521, train_rmse-0.8672, valid_rmse-1.2151, valid_pr-0.7587
2023-01-20 15:47:22 - INFO - epoch-120, train_loss-0.7515, train_rmse-0.8669, valid_rmse-1.2094, valid_pr-0.7590
2023-01-20 15:47:33 - INFO - epoch-121, train_loss-0.7363, train_rmse-0.8581, valid_rmse-1.1826, valid_pr-0.7703
2023-01-20 15:47:44 - INFO - epoch-122, train_loss-0.7250, train_rmse-0.8515, valid_rmse-1.1898, valid_pr-0.7657
2023-01-20 15:47:55 - INFO - epoch-123, train_loss-0.7290, train_rmse-0.8538, valid_rmse-1.2003, valid_pr-0.7621
2023-01-20 15:48:06 - INFO - epoch-124, train_loss-0.7248, train_rmse-0.8514, valid_rmse-1.2110, valid_pr-0.7633
2023-01-20 15:48:17 - INFO - epoch-125, train_loss-0.7201, train_rmse-0.8486, valid_rmse-1.2330, valid_pr-0.7547
2023-01-20 15:48:28 - INFO - epoch-126, train_loss-0.7110, train_rmse-0.8432, valid_rmse-1.2084, valid_pr-0.7588
2023-01-20 15:48:39 - INFO - epoch-127, train_loss-0.7022, train_rmse-0.8380, valid_rmse-1.2006, valid_pr-0.7690
2023-01-20 15:48:51 - INFO - epoch-128, train_loss-0.6974, train_rmse-0.8351, valid_rmse-1.2031, valid_pr-0.7610
2023-01-20 15:49:02 - INFO - epoch-129, train_loss-0.6924, train_rmse-0.8321, valid_rmse-1.2057, valid_pr-0.7606
2023-01-20 15:49:12 - INFO - epoch-130, train_loss-0.6792, train_rmse-0.8242, valid_rmse-1.2023, valid_pr-0.7645
2023-01-20 15:49:24 - INFO - epoch-131, train_loss-0.6800, train_rmse-0.8246, valid_rmse-1.1888, valid_pr-0.7681
2023-01-20 15:49:35 - INFO - epoch-132, train_loss-0.6464, train_rmse-0.8040, valid_rmse-1.2211, valid_pr-0.7575
2023-01-20 15:49:46 - INFO - epoch-133, train_loss-0.6553, train_rmse-0.8095, valid_rmse-1.1937, valid_pr-0.7649
2023-01-20 15:49:57 - INFO - epoch-134, train_loss-0.6560, train_rmse-0.8099, valid_rmse-1.1929, valid_pr-0.7659
2023-01-20 15:50:08 - INFO - epoch-135, train_loss-0.6455, train_rmse-0.8034, valid_rmse-1.1868, valid_pr-0.7706
2023-01-20 15:50:19 - INFO - epoch-136, train_loss-0.6260, train_rmse-0.7912, valid_rmse-1.1884, valid_pr-0.7688
2023-01-20 15:50:31 - INFO - epoch-137, train_loss-0.6247, train_rmse-0.7904, valid_rmse-1.1852, valid_pr-0.7704
2023-01-20 15:50:42 - INFO - epoch-138, train_loss-0.6241, train_rmse-0.7900, valid_rmse-1.1777, valid_pr-0.7743
2023-01-20 15:50:54 - INFO - epoch-139, train_loss-0.6215, train_rmse-0.7883, valid_rmse-1.1919, valid_pr-0.7714
2023-01-20 15:51:06 - INFO - epoch-140, train_loss-0.6197, train_rmse-0.7872, valid_rmse-1.1865, valid_pr-0.7711
2023-01-20 15:51:17 - INFO - epoch-141, train_loss-0.6031, train_rmse-0.7766, valid_rmse-1.1956, valid_pr-0.7703
2023-01-20 15:51:28 - INFO - epoch-142, train_loss-0.6007, train_rmse-0.7750, valid_rmse-1.1827, valid_pr-0.7710
2023-01-20 15:51:39 - INFO - epoch-143, train_loss-0.5943, train_rmse-0.7709, valid_rmse-1.1873, valid_pr-0.7722
2023-01-20 15:51:50 - INFO - epoch-144, train_loss-0.5954, train_rmse-0.7716, valid_rmse-1.1806, valid_pr-0.7708
2023-01-20 15:52:01 - INFO - epoch-145, train_loss-0.5942, train_rmse-0.7709, valid_rmse-1.1672, valid_pr-0.7755
2023-01-20 15:52:13 - INFO - epoch-146, train_loss-0.5884, train_rmse-0.7671, valid_rmse-1.1876, valid_pr-0.7694
2023-01-20 15:52:24 - INFO - epoch-147, train_loss-0.5708, train_rmse-0.7555, valid_rmse-1.1887, valid_pr-0.7697
2023-01-20 15:52:35 - INFO - epoch-148, train_loss-0.5735, train_rmse-0.7573, valid_rmse-1.1756, valid_pr-0.7746
2023-01-20 15:52:47 - INFO - epoch-149, train_loss-0.5670, train_rmse-0.7530, valid_rmse-1.2255, valid_pr-0.7675
2023-01-20 15:52:58 - INFO - epoch-150, train_loss-0.5623, train_rmse-0.7499, valid_rmse-1.1804, valid_pr-0.7734
2023-01-20 15:53:09 - INFO - epoch-151, train_loss-0.5641, train_rmse-0.7511, valid_rmse-1.1671, valid_pr-0.7779
2023-01-20 15:53:21 - INFO - epoch-152, train_loss-0.5545, train_rmse-0.7446, valid_rmse-1.2148, valid_pr-0.7690
2023-01-20 15:53:32 - INFO - epoch-153, train_loss-0.5466, train_rmse-0.7393, valid_rmse-1.1670, valid_pr-0.7778
2023-01-20 15:53:44 - INFO - epoch-154, train_loss-0.5307, train_rmse-0.7285, valid_rmse-1.1763, valid_pr-0.7742
2023-01-20 15:53:55 - INFO - epoch-155, train_loss-0.5279, train_rmse-0.7265, valid_rmse-1.1821, valid_pr-0.7759
2023-01-20 15:54:06 - INFO - epoch-156, train_loss-0.5262, train_rmse-0.7254, valid_rmse-1.1735, valid_pr-0.7743
2023-01-20 15:54:18 - INFO - epoch-157, train_loss-0.5327, train_rmse-0.7299, valid_rmse-1.1764, valid_pr-0.7795
2023-01-20 15:54:29 - INFO - epoch-158, train_loss-0.5170, train_rmse-0.7190, valid_rmse-1.1791, valid_pr-0.7775
2023-01-20 15:54:39 - INFO - epoch-159, train_loss-0.5158, train_rmse-0.7182, valid_rmse-1.1635, valid_pr-0.7792
2023-01-20 15:54:51 - INFO - epoch-160, train_loss-0.5161, train_rmse-0.7184, valid_rmse-1.1795, valid_pr-0.7716
2023-01-20 15:55:02 - INFO - epoch-161, train_loss-0.5045, train_rmse-0.7103, valid_rmse-1.1807, valid_pr-0.7735
2023-01-20 15:55:13 - INFO - epoch-162, train_loss-0.4931, train_rmse-0.7022, valid_rmse-1.1681, valid_pr-0.7775
2023-01-20 15:55:24 - INFO - epoch-163, train_loss-0.4986, train_rmse-0.7061, valid_rmse-1.1708, valid_pr-0.7770
2023-01-20 15:55:36 - INFO - epoch-164, train_loss-0.4956, train_rmse-0.7040, valid_rmse-1.1817, valid_pr-0.7727
2023-01-20 15:55:47 - INFO - epoch-165, train_loss-0.4897, train_rmse-0.6998, valid_rmse-1.1863, valid_pr-0.7739
2023-01-20 15:55:59 - INFO - epoch-166, train_loss-0.4793, train_rmse-0.6923, valid_rmse-1.1707, valid_pr-0.7776
2023-01-20 15:56:10 - INFO - epoch-167, train_loss-0.4813, train_rmse-0.6938, valid_rmse-1.1697, valid_pr-0.7777
2023-01-20 15:56:21 - INFO - epoch-168, train_loss-0.4800, train_rmse-0.6928, valid_rmse-1.2146, valid_pr-0.7693
2023-01-20 15:56:33 - INFO - epoch-169, train_loss-0.4755, train_rmse-0.6896, valid_rmse-1.1864, valid_pr-0.7772
2023-01-20 15:56:44 - INFO - epoch-170, train_loss-0.4738, train_rmse-0.6883, valid_rmse-1.1878, valid_pr-0.7721
2023-01-20 15:56:55 - INFO - epoch-171, train_loss-0.4620, train_rmse-0.6797, valid_rmse-1.1890, valid_pr-0.7700
2023-01-20 15:57:06 - INFO - epoch-172, train_loss-0.4679, train_rmse-0.6840, valid_rmse-1.1706, valid_pr-0.7766
2023-01-20 15:57:17 - INFO - epoch-173, train_loss-0.4665, train_rmse-0.6830, valid_rmse-1.1758, valid_pr-0.7774
2023-01-20 15:57:28 - INFO - epoch-174, train_loss-0.4655, train_rmse-0.6823, valid_rmse-1.1768, valid_pr-0.7769
2023-01-20 15:57:40 - INFO - epoch-175, train_loss-0.4576, train_rmse-0.6765, valid_rmse-1.1905, valid_pr-0.7780
2023-01-20 15:57:51 - INFO - epoch-176, train_loss-0.4480, train_rmse-0.6693, valid_rmse-1.1601, valid_pr-0.7814
2023-01-20 15:58:03 - INFO - epoch-177, train_loss-0.4442, train_rmse-0.6665, valid_rmse-1.1753, valid_pr-0.7806
2023-01-20 15:58:14 - INFO - epoch-178, train_loss-0.4422, train_rmse-0.6649, valid_rmse-1.1918, valid_pr-0.7769
2023-01-20 15:58:26 - INFO - epoch-179, train_loss-0.4508, train_rmse-0.6714, valid_rmse-1.1797, valid_pr-0.7760
2023-01-20 15:58:37 - INFO - epoch-180, train_loss-0.4431, train_rmse-0.6657, valid_rmse-1.1571, valid_pr-0.7808
2023-01-20 15:58:48 - INFO - epoch-181, train_loss-0.4446, train_rmse-0.6668, valid_rmse-1.1603, valid_pr-0.7810
2023-01-20 15:58:59 - INFO - epoch-182, train_loss-0.4316, train_rmse-0.6569, valid_rmse-1.1655, valid_pr-0.7803
2023-01-20 15:59:10 - INFO - epoch-183, train_loss-0.4357, train_rmse-0.6601, valid_rmse-1.1732, valid_pr-0.7836
2023-01-20 15:59:21 - INFO - epoch-184, train_loss-0.4353, train_rmse-0.6598, valid_rmse-1.1670, valid_pr-0.7819
2023-01-20 15:59:32 - INFO - epoch-185, train_loss-0.4276, train_rmse-0.6539, valid_rmse-1.1673, valid_pr-0.7781
2023-01-20 15:59:43 - INFO - epoch-186, train_loss-0.4197, train_rmse-0.6478, valid_rmse-1.2036, valid_pr-0.7741
2023-01-20 15:59:54 - INFO - epoch-187, train_loss-0.4202, train_rmse-0.6482, valid_rmse-1.1925, valid_pr-0.7737
2023-01-20 16:00:05 - INFO - epoch-188, train_loss-0.4041, train_rmse-0.6357, valid_rmse-1.1633, valid_pr-0.7798
2023-01-20 16:00:17 - INFO - epoch-189, train_loss-0.4034, train_rmse-0.6351, valid_rmse-1.1695, valid_pr-0.7760
2023-01-20 16:00:28 - INFO - epoch-190, train_loss-0.4163, train_rmse-0.6452, valid_rmse-1.1706, valid_pr-0.7804
2023-01-20 16:00:39 - INFO - epoch-191, train_loss-0.4013, train_rmse-0.6335, valid_rmse-1.1785, valid_pr-0.7740
2023-01-20 16:00:50 - INFO - epoch-192, train_loss-0.3976, train_rmse-0.6306, valid_rmse-1.2063, valid_pr-0.7811
2023-01-20 16:01:01 - INFO - epoch-193, train_loss-0.4009, train_rmse-0.6332, valid_rmse-1.1586, valid_pr-0.7824
2023-01-20 16:01:13 - INFO - epoch-194, train_loss-0.3916, train_rmse-0.6257, valid_rmse-1.1777, valid_pr-0.7778
2023-01-20 16:01:24 - INFO - epoch-195, train_loss-0.3949, train_rmse-0.6284, valid_rmse-1.1631, valid_pr-0.7805
2023-01-20 16:01:35 - INFO - epoch-196, train_loss-0.3854, train_rmse-0.6208, valid_rmse-1.1808, valid_pr-0.7794
2023-01-20 16:01:47 - INFO - epoch-197, train_loss-0.3870, train_rmse-0.6221, valid_rmse-1.1780, valid_pr-0.7759
2023-01-20 16:01:58 - INFO - epoch-198, train_loss-0.3901, train_rmse-0.6246, valid_rmse-1.1848, valid_pr-0.7776
2023-01-20 16:02:10 - INFO - epoch-199, train_loss-0.3841, train_rmse-0.6198, valid_rmse-1.1845, valid_pr-0.7797
2023-01-20 16:02:21 - INFO - epoch-200, train_loss-0.3821, train_rmse-0.6181, valid_rmse-1.1765, valid_pr-0.7791
2023-01-20 16:02:32 - INFO - epoch-201, train_loss-0.3774, train_rmse-0.6143, valid_rmse-1.1561, valid_pr-0.7826
2023-01-20 16:02:43 - INFO - epoch-202, train_loss-0.3733, train_rmse-0.6109, valid_rmse-1.1641, valid_pr-0.7822
2023-01-20 16:02:54 - INFO - epoch-203, train_loss-0.3692, train_rmse-0.6076, valid_rmse-1.1622, valid_pr-0.7811
2023-01-20 16:03:06 - INFO - epoch-204, train_loss-0.3628, train_rmse-0.6023, valid_rmse-1.2041, valid_pr-0.7708
2023-01-20 16:03:17 - INFO - epoch-205, train_loss-0.3730, train_rmse-0.6107, valid_rmse-1.1726, valid_pr-0.7758
2023-01-20 16:03:28 - INFO - epoch-206, train_loss-0.3586, train_rmse-0.5989, valid_rmse-1.1702, valid_pr-0.7791
2023-01-20 16:03:39 - INFO - epoch-207, train_loss-0.3584, train_rmse-0.5987, valid_rmse-1.1611, valid_pr-0.7810
2023-01-20 16:03:50 - INFO - epoch-208, train_loss-0.3731, train_rmse-0.6108, valid_rmse-1.1726, valid_pr-0.7803
2023-01-20 16:04:01 - INFO - epoch-209, train_loss-0.3586, train_rmse-0.5988, valid_rmse-1.1815, valid_pr-0.7773
2023-01-20 16:04:13 - INFO - epoch-210, train_loss-0.3630, train_rmse-0.6025, valid_rmse-1.1834, valid_pr-0.7766
2023-01-20 16:04:24 - INFO - epoch-211, train_loss-0.3495, train_rmse-0.5912, valid_rmse-1.1573, valid_pr-0.7840
2023-01-20 16:04:36 - INFO - epoch-212, train_loss-0.3523, train_rmse-0.5936, valid_rmse-1.1755, valid_pr-0.7781
2023-01-20 16:04:47 - INFO - epoch-213, train_loss-0.3559, train_rmse-0.5966, valid_rmse-1.1709, valid_pr-0.7797
2023-01-20 16:04:58 - INFO - epoch-214, train_loss-0.3452, train_rmse-0.5875, valid_rmse-1.1566, valid_pr-0.7828
2023-01-20 16:05:09 - INFO - epoch-215, train_loss-0.3504, train_rmse-0.5919, valid_rmse-1.1715, valid_pr-0.7785
2023-01-20 16:05:21 - INFO - epoch-216, train_loss-0.3458, train_rmse-0.5881, valid_rmse-1.1799, valid_pr-0.7753
2023-01-20 16:05:32 - INFO - epoch-217, train_loss-0.3406, train_rmse-0.5836, valid_rmse-1.1797, valid_pr-0.7733
2023-01-20 16:05:43 - INFO - epoch-218, train_loss-0.3436, train_rmse-0.5862, valid_rmse-1.1628, valid_pr-0.7798
2023-01-20 16:05:54 - INFO - epoch-219, train_loss-0.3391, train_rmse-0.5823, valid_rmse-1.1736, valid_pr-0.7765
2023-01-20 16:06:05 - INFO - epoch-220, train_loss-0.3361, train_rmse-0.5798, valid_rmse-1.1579, valid_pr-0.7828
2023-01-20 16:06:16 - INFO - epoch-221, train_loss-0.3335, train_rmse-0.5775, valid_rmse-1.1655, valid_pr-0.7810
2023-01-20 16:06:27 - INFO - epoch-222, train_loss-0.3326, train_rmse-0.5767, valid_rmse-1.1591, valid_pr-0.7813
2023-01-20 16:06:38 - INFO - epoch-223, train_loss-0.3320, train_rmse-0.5762, valid_rmse-1.1625, valid_pr-0.7817
2023-01-20 16:06:49 - INFO - epoch-224, train_loss-0.3279, train_rmse-0.5727, valid_rmse-1.1666, valid_pr-0.7786
2023-01-20 16:07:00 - INFO - epoch-225, train_loss-0.3248, train_rmse-0.5699, valid_rmse-1.1678, valid_pr-0.7783
2023-01-20 16:07:10 - INFO - epoch-226, train_loss-0.3182, train_rmse-0.5641, valid_rmse-1.1480, valid_pr-0.7867
2023-01-20 16:07:21 - INFO - epoch-227, train_loss-0.3249, train_rmse-0.5700, valid_rmse-1.1687, valid_pr-0.7822
2023-01-20 16:07:33 - INFO - epoch-228, train_loss-0.3193, train_rmse-0.5651, valid_rmse-1.1594, valid_pr-0.7821
2023-01-20 16:07:44 - INFO - epoch-229, train_loss-0.3171, train_rmse-0.5631, valid_rmse-1.1563, valid_pr-0.7817
2023-01-20 16:07:54 - INFO - epoch-230, train_loss-0.3233, train_rmse-0.5686, valid_rmse-1.1653, valid_pr-0.7800
2023-01-20 16:08:05 - INFO - epoch-231, train_loss-0.3074, train_rmse-0.5545, valid_rmse-1.1650, valid_pr-0.7824
2023-01-20 16:08:16 - INFO - epoch-232, train_loss-0.3139, train_rmse-0.5602, valid_rmse-1.1802, valid_pr-0.7748
2023-01-20 16:08:27 - INFO - epoch-233, train_loss-0.3131, train_rmse-0.5595, valid_rmse-1.1593, valid_pr-0.7802
2023-01-20 16:08:38 - INFO - epoch-234, train_loss-0.3071, train_rmse-0.5542, valid_rmse-1.1656, valid_pr-0.7810
2023-01-20 16:08:49 - INFO - epoch-235, train_loss-0.3141, train_rmse-0.5605, valid_rmse-1.1648, valid_pr-0.7808
2023-01-20 16:09:00 - INFO - epoch-236, train_loss-0.3046, train_rmse-0.5519, valid_rmse-1.1871, valid_pr-0.7762
2023-01-20 16:09:11 - INFO - epoch-237, train_loss-0.3045, train_rmse-0.5518, valid_rmse-1.1579, valid_pr-0.7818
2023-01-20 16:09:23 - INFO - epoch-238, train_loss-0.3092, train_rmse-0.5561, valid_rmse-1.1641, valid_pr-0.7831
2023-01-20 16:09:34 - INFO - epoch-239, train_loss-0.2977, train_rmse-0.5456, valid_rmse-1.1673, valid_pr-0.7830
2023-01-20 16:09:45 - INFO - epoch-240, train_loss-0.2988, train_rmse-0.5467, valid_rmse-1.1827, valid_pr-0.7801
2023-01-20 16:09:56 - INFO - epoch-241, train_loss-0.2962, train_rmse-0.5442, valid_rmse-1.1675, valid_pr-0.7796
2023-01-20 16:10:07 - INFO - epoch-242, train_loss-0.2992, train_rmse-0.5470, valid_rmse-1.1683, valid_pr-0.7813
2023-01-20 16:10:18 - INFO - epoch-243, train_loss-0.2950, train_rmse-0.5431, valid_rmse-1.1679, valid_pr-0.7806
2023-01-20 16:10:29 - INFO - epoch-244, train_loss-0.2982, train_rmse-0.5461, valid_rmse-1.1741, valid_pr-0.7766
2023-01-20 16:10:40 - INFO - epoch-245, train_loss-0.2957, train_rmse-0.5437, valid_rmse-1.1655, valid_pr-0.7841
2023-01-20 16:10:51 - INFO - epoch-246, train_loss-0.2857, train_rmse-0.5345, valid_rmse-1.1655, valid_pr-0.7796
2023-01-20 16:11:03 - INFO - epoch-247, train_loss-0.2900, train_rmse-0.5385, valid_rmse-1.1579, valid_pr-0.7821
2023-01-20 16:11:14 - INFO - epoch-248, train_loss-0.2922, train_rmse-0.5406, valid_rmse-1.1629, valid_pr-0.7835
2023-01-20 16:11:25 - INFO - epoch-249, train_loss-0.2872, train_rmse-0.5359, valid_rmse-1.1683, valid_pr-0.7781
2023-01-20 16:11:36 - INFO - epoch-250, train_loss-0.2822, train_rmse-0.5312, valid_rmse-1.1678, valid_pr-0.7776
2023-01-20 16:11:47 - INFO - epoch-251, train_loss-0.2858, train_rmse-0.5346, valid_rmse-1.1594, valid_pr-0.7821
2023-01-20 16:11:57 - INFO - epoch-252, train_loss-0.2800, train_rmse-0.5292, valid_rmse-1.1642, valid_pr-0.7832
2023-01-20 16:12:08 - INFO - epoch-253, train_loss-0.2847, train_rmse-0.5336, valid_rmse-1.1727, valid_pr-0.7791
2023-01-20 16:12:19 - INFO - epoch-254, train_loss-0.2776, train_rmse-0.5268, valid_rmse-1.1766, valid_pr-0.7796
2023-01-20 16:12:31 - INFO - epoch-255, train_loss-0.2824, train_rmse-0.5314, valid_rmse-1.1726, valid_pr-0.7783
2023-01-20 16:12:42 - INFO - epoch-256, train_loss-0.2806, train_rmse-0.5298, valid_rmse-1.1691, valid_pr-0.7791
2023-01-20 16:12:53 - INFO - epoch-257, train_loss-0.2751, train_rmse-0.5245, valid_rmse-1.1803, valid_pr-0.7803
2023-01-20 16:13:04 - INFO - epoch-258, train_loss-0.2806, train_rmse-0.5297, valid_rmse-1.1841, valid_pr-0.7801
2023-01-20 16:13:15 - INFO - epoch-259, train_loss-0.2775, train_rmse-0.5268, valid_rmse-1.1526, valid_pr-0.7836
2023-01-20 16:13:26 - INFO - epoch-260, train_loss-0.2751, train_rmse-0.5245, valid_rmse-1.1467, valid_pr-0.7871
2023-01-20 16:13:37 - INFO - epoch-261, train_loss-0.2736, train_rmse-0.5231, valid_rmse-1.1510, valid_pr-0.7867
2023-01-20 16:13:47 - INFO - epoch-262, train_loss-0.2646, train_rmse-0.5144, valid_rmse-1.1596, valid_pr-0.7835
2023-01-20 16:13:58 - INFO - epoch-263, train_loss-0.2777, train_rmse-0.5270, valid_rmse-1.1583, valid_pr-0.7823
2023-01-20 16:14:09 - INFO - epoch-264, train_loss-0.2676, train_rmse-0.5173, valid_rmse-1.1651, valid_pr-0.7832
2023-01-20 16:14:20 - INFO - epoch-265, train_loss-0.2599, train_rmse-0.5098, valid_rmse-1.1638, valid_pr-0.7835
2023-01-20 16:14:32 - INFO - epoch-266, train_loss-0.2713, train_rmse-0.5209, valid_rmse-1.1634, valid_pr-0.7811
2023-01-20 16:14:43 - INFO - epoch-267, train_loss-0.2638, train_rmse-0.5136, valid_rmse-1.1679, valid_pr-0.7796
2023-01-20 16:14:54 - INFO - epoch-268, train_loss-0.2636, train_rmse-0.5135, valid_rmse-1.1554, valid_pr-0.7842
2023-01-20 16:15:05 - INFO - epoch-269, train_loss-0.2627, train_rmse-0.5125, valid_rmse-1.1638, valid_pr-0.7836
2023-01-20 16:15:16 - INFO - epoch-270, train_loss-0.2593, train_rmse-0.5093, valid_rmse-1.1720, valid_pr-0.7817
2023-01-20 16:15:27 - INFO - epoch-271, train_loss-0.2568, train_rmse-0.5067, valid_rmse-1.1613, valid_pr-0.7834
2023-01-20 16:15:38 - INFO - epoch-272, train_loss-0.2588, train_rmse-0.5087, valid_rmse-1.1526, valid_pr-0.7847
2023-01-20 16:15:49 - INFO - epoch-273, train_loss-0.2599, train_rmse-0.5098, valid_rmse-1.1633, valid_pr-0.7833
2023-01-20 16:16:00 - INFO - epoch-274, train_loss-0.2586, train_rmse-0.5085, valid_rmse-1.1637, valid_pr-0.7821
2023-01-20 16:16:11 - INFO - epoch-275, train_loss-0.2631, train_rmse-0.5129, valid_rmse-1.1622, valid_pr-0.7844
2023-01-20 16:16:23 - INFO - epoch-276, train_loss-0.2567, train_rmse-0.5067, valid_rmse-1.1769, valid_pr-0.7814
2023-01-20 16:16:34 - INFO - epoch-277, train_loss-0.2511, train_rmse-0.5011, valid_rmse-1.1635, valid_pr-0.7834
2023-01-20 16:16:45 - INFO - epoch-278, train_loss-0.2472, train_rmse-0.4972, valid_rmse-1.1684, valid_pr-0.7846
2023-01-20 16:16:56 - INFO - epoch-279, train_loss-0.2430, train_rmse-0.4929, valid_rmse-1.1844, valid_pr-0.7768
2023-01-20 16:17:07 - INFO - epoch-280, train_loss-0.2470, train_rmse-0.4970, valid_rmse-1.1798, valid_pr-0.7763
2023-01-20 16:17:18 - INFO - epoch-281, train_loss-0.2448, train_rmse-0.4948, valid_rmse-1.1656, valid_pr-0.7838
2023-01-20 16:17:29 - INFO - epoch-282, train_loss-0.2392, train_rmse-0.4891, valid_rmse-1.1692, valid_pr-0.7836
2023-01-20 16:17:40 - INFO - epoch-283, train_loss-0.2451, train_rmse-0.4951, valid_rmse-1.1757, valid_pr-0.7810
2023-01-20 16:17:51 - INFO - epoch-284, train_loss-0.2450, train_rmse-0.4949, valid_rmse-1.1716, valid_pr-0.7827
2023-01-20 16:18:02 - INFO - epoch-285, train_loss-0.2425, train_rmse-0.4924, valid_rmse-1.1752, valid_pr-0.7818
2023-01-20 16:18:13 - INFO - epoch-286, train_loss-0.2461, train_rmse-0.4960, valid_rmse-1.1572, valid_pr-0.7843
2023-01-20 16:18:24 - INFO - epoch-287, train_loss-0.2362, train_rmse-0.4860, valid_rmse-1.1536, valid_pr-0.7854
2023-01-20 16:18:35 - INFO - epoch-288, train_loss-0.2452, train_rmse-0.4952, valid_rmse-1.1547, valid_pr-0.7870
2023-01-20 16:18:46 - INFO - epoch-289, train_loss-0.2382, train_rmse-0.4880, valid_rmse-1.1666, valid_pr-0.7819
2023-01-20 16:18:57 - INFO - epoch-290, train_loss-0.2380, train_rmse-0.4878, valid_rmse-1.1741, valid_pr-0.7832
2023-01-20 16:19:08 - INFO - epoch-291, train_loss-0.2423, train_rmse-0.4922, valid_rmse-1.1651, valid_pr-0.7846
2023-01-20 16:19:19 - INFO - epoch-292, train_loss-0.2362, train_rmse-0.4860, valid_rmse-1.1813, valid_pr-0.7817
2023-01-20 16:19:30 - INFO - epoch-293, train_loss-0.2407, train_rmse-0.4906, valid_rmse-1.1635, valid_pr-0.7808
2023-01-20 16:19:41 - INFO - epoch-294, train_loss-0.2341, train_rmse-0.4838, valid_rmse-1.1595, valid_pr-0.7822
2023-01-20 16:19:52 - INFO - epoch-295, train_loss-0.2287, train_rmse-0.4782, valid_rmse-1.1601, valid_pr-0.7844
2023-01-20 16:20:04 - INFO - epoch-296, train_loss-0.2366, train_rmse-0.4864, valid_rmse-1.1589, valid_pr-0.7832
2023-01-20 16:20:15 - INFO - epoch-297, train_loss-0.2336, train_rmse-0.4833, valid_rmse-1.1704, valid_pr-0.7802
2023-01-20 16:20:26 - INFO - epoch-298, train_loss-0.2391, train_rmse-0.4889, valid_rmse-1.1528, valid_pr-0.7843
2023-01-20 16:20:37 - INFO - epoch-299, train_loss-0.2268, train_rmse-0.4763, valid_rmse-1.1450, valid_pr-0.7868
2023-01-20 16:20:49 - INFO - epoch-300, train_loss-0.2305, train_rmse-0.4802, valid_rmse-1.1579, valid_pr-0.7853
2023-01-20 16:20:59 - INFO - epoch-301, train_loss-0.2302, train_rmse-0.4798, valid_rmse-1.1610, valid_pr-0.7822
2023-01-20 16:21:10 - INFO - epoch-302, train_loss-0.2311, train_rmse-0.4807, valid_rmse-1.1729, valid_pr-0.7820
2023-01-20 16:21:21 - INFO - epoch-303, train_loss-0.2323, train_rmse-0.4819, valid_rmse-1.1595, valid_pr-0.7854
2023-01-20 16:21:32 - INFO - epoch-304, train_loss-0.2251, train_rmse-0.4744, valid_rmse-1.1525, valid_pr-0.7865
2023-01-20 16:21:43 - INFO - epoch-305, train_loss-0.2249, train_rmse-0.4742, valid_rmse-1.1493, valid_pr-0.7854
2023-01-20 16:21:54 - INFO - epoch-306, train_loss-0.2258, train_rmse-0.4751, valid_rmse-1.1709, valid_pr-0.7854
2023-01-20 16:22:05 - INFO - epoch-307, train_loss-0.2191, train_rmse-0.4681, valid_rmse-1.1587, valid_pr-0.7828
2023-01-20 16:22:16 - INFO - epoch-308, train_loss-0.2217, train_rmse-0.4709, valid_rmse-1.1453, valid_pr-0.7868
2023-01-20 16:22:27 - INFO - epoch-309, train_loss-0.2253, train_rmse-0.4747, valid_rmse-1.1566, valid_pr-0.7831
2023-01-20 16:22:38 - INFO - epoch-310, train_loss-0.2219, train_rmse-0.4711, valid_rmse-1.1764, valid_pr-0.7791
2023-01-20 16:22:49 - INFO - epoch-311, train_loss-0.2196, train_rmse-0.4686, valid_rmse-1.1507, valid_pr-0.7854
2023-01-20 16:23:00 - INFO - epoch-312, train_loss-0.2214, train_rmse-0.4705, valid_rmse-1.1562, valid_pr-0.7838
2023-01-20 16:23:11 - INFO - epoch-313, train_loss-0.2218, train_rmse-0.4709, valid_rmse-1.1604, valid_pr-0.7840
2023-01-20 16:23:22 - INFO - epoch-314, train_loss-0.2256, train_rmse-0.4749, valid_rmse-1.1676, valid_pr-0.7846
2023-01-20 16:23:34 - INFO - epoch-315, train_loss-0.2158, train_rmse-0.4646, valid_rmse-1.1761, valid_pr-0.7819
2023-01-20 16:23:45 - INFO - epoch-316, train_loss-0.2209, train_rmse-0.4700, valid_rmse-1.1510, valid_pr-0.7858
2023-01-20 16:23:56 - INFO - epoch-317, train_loss-0.2099, train_rmse-0.4581, valid_rmse-1.1610, valid_pr-0.7821
2023-01-20 16:24:07 - INFO - epoch-318, train_loss-0.2080, train_rmse-0.4561, valid_rmse-1.1570, valid_pr-0.7834
2023-01-20 16:24:18 - INFO - epoch-319, train_loss-0.2142, train_rmse-0.4628, valid_rmse-1.1599, valid_pr-0.7846
2023-01-20 16:24:29 - INFO - epoch-320, train_loss-0.2106, train_rmse-0.4589, valid_rmse-1.1695, valid_pr-0.7829
2023-01-20 16:24:39 - INFO - epoch-321, train_loss-0.2118, train_rmse-0.4602, valid_rmse-1.1625, valid_pr-0.7825
2023-01-20 16:24:50 - INFO - epoch-322, train_loss-0.2066, train_rmse-0.4545, valid_rmse-1.1678, valid_pr-0.7865
2023-01-20 16:25:01 - INFO - epoch-323, train_loss-0.2067, train_rmse-0.4546, valid_rmse-1.1684, valid_pr-0.7824
2023-01-20 16:25:12 - INFO - epoch-324, train_loss-0.2086, train_rmse-0.4567, valid_rmse-1.1728, valid_pr-0.7796
2023-01-20 16:25:23 - INFO - epoch-325, train_loss-0.2071, train_rmse-0.4551, valid_rmse-1.1659, valid_pr-0.7825
2023-01-20 16:25:34 - INFO - epoch-326, train_loss-0.2069, train_rmse-0.4549, valid_rmse-1.1751, valid_pr-0.7825
2023-01-20 16:25:45 - INFO - epoch-327, train_loss-0.2033, train_rmse-0.4509, valid_rmse-1.1486, valid_pr-0.7885
2023-01-20 16:25:56 - INFO - epoch-328, train_loss-0.2100, train_rmse-0.4582, valid_rmse-1.1673, valid_pr-0.7811
2023-01-20 16:26:07 - INFO - epoch-329, train_loss-0.2094, train_rmse-0.4576, valid_rmse-1.1538, valid_pr-0.7833
2023-01-20 16:26:18 - INFO - epoch-330, train_loss-0.2107, train_rmse-0.4591, valid_rmse-1.1742, valid_pr-0.7806
2023-01-20 16:26:29 - INFO - epoch-331, train_loss-0.2055, train_rmse-0.4533, valid_rmse-1.1732, valid_pr-0.7824
2023-01-20 16:26:40 - INFO - epoch-332, train_loss-0.2085, train_rmse-0.4566, valid_rmse-1.1918, valid_pr-0.7772
2023-01-20 16:26:51 - INFO - epoch-333, train_loss-0.2055, train_rmse-0.4533, valid_rmse-1.1568, valid_pr-0.7843
2023-01-20 16:27:02 - INFO - epoch-334, train_loss-0.2078, train_rmse-0.4559, valid_rmse-1.1588, valid_pr-0.7820
2023-01-20 16:27:13 - INFO - epoch-335, train_loss-0.2070, train_rmse-0.4550, valid_rmse-1.1551, valid_pr-0.7836
2023-01-20 16:27:24 - INFO - epoch-336, train_loss-0.2073, train_rmse-0.4553, valid_rmse-1.1596, valid_pr-0.7813
2023-01-20 16:27:35 - INFO - epoch-337, train_loss-0.1985, train_rmse-0.4455, valid_rmse-1.1815, valid_pr-0.7768
2023-01-20 16:27:46 - INFO - epoch-338, train_loss-0.1975, train_rmse-0.4444, valid_rmse-1.1713, valid_pr-0.7800
2023-01-20 16:27:58 - INFO - epoch-339, train_loss-0.1951, train_rmse-0.4417, valid_rmse-1.1830, valid_pr-0.7797
2023-01-20 16:28:09 - INFO - epoch-340, train_loss-0.2020, train_rmse-0.4494, valid_rmse-1.1550, valid_pr-0.7844
2023-01-20 16:28:19 - INFO - epoch-341, train_loss-0.2024, train_rmse-0.4499, valid_rmse-1.1599, valid_pr-0.7814
2023-01-20 16:28:30 - INFO - epoch-342, train_loss-0.1976, train_rmse-0.4446, valid_rmse-1.1684, valid_pr-0.7820
2023-01-20 16:28:42 - INFO - epoch-343, train_loss-0.1897, train_rmse-0.4355, valid_rmse-1.1664, valid_pr-0.7800
2023-01-20 16:28:53 - INFO - epoch-344, train_loss-0.1925, train_rmse-0.4388, valid_rmse-1.1720, valid_pr-0.7776
2023-01-20 16:29:04 - INFO - epoch-345, train_loss-0.1945, train_rmse-0.4410, valid_rmse-1.1626, valid_pr-0.7803
2023-01-20 16:29:15 - INFO - epoch-346, train_loss-0.1947, train_rmse-0.4412, valid_rmse-1.1550, valid_pr-0.7856
2023-01-20 16:29:26 - INFO - epoch-347, train_loss-0.1941, train_rmse-0.4406, valid_rmse-1.1530, valid_pr-0.7841
2023-01-20 16:29:37 - INFO - epoch-348, train_loss-0.1927, train_rmse-0.4389, valid_rmse-1.1884, valid_pr-0.7784
2023-01-20 16:29:48 - INFO - epoch-349, train_loss-0.1925, train_rmse-0.4387, valid_rmse-1.1633, valid_pr-0.7819
2023-01-20 16:29:59 - INFO - epoch-350, train_loss-0.1911, train_rmse-0.4372, valid_rmse-1.1710, valid_pr-0.7809
2023-01-20 16:29:59 - INFO - early stop in epoch 350
2023-01-20 16:29:59 - INFO - best_rmse: 1.1450
2023-01-20 16:30:03 - INFO - valid_rmse-1.1450, valid_pr-0.7868, test2013_rmse-1.3007, test2013_pr-0.8404, test2016_rmse-1.1525, test2016_pr-0.8553, test2019_rmse-1.3753, test2019_pr-0.6608,
